#
# A fatal error has been detected by the Java Runtime Environment:
#
#  EXCEPTION_ACCESS_VIOLATION (0xc0000005) at pc=0x00007ffa9eb0b386, pid=12088, tid=0x000000000000038c
#
# JRE version: Java(TM) SE Runtime Environment (8.0_301-b09) (build 1.8.0_301-b09)
# Java VM: Java HotSpot(TM) 64-Bit Server VM (25.301-b09 mixed mode windows-amd64 compressed oops)
# Problematic frame:
# C  [igxelpicd64.dll+0x23b386]
#
# Failed to write core dump. Minidumps are not enabled by default on client versions of Windows
#
# If you would like to submit a bug report, please visit:
#   http://bugreport.java.com/bugreport/crash.jsp
#

---------------  T H R E A D  ---------------

Current thread (0x0000021b4f92d800):  VMThread [stack: 0x0000004d45700000,0x0000004d45800000] [id=908]

siginfo: ExceptionCode=0xc0000005, reading address 0x0000000000035468

Registers:
RAX=0x0000021b6e1ef680, RBX=0x0000021b522ce3d0, RCX=0x0000000000000000, RDX=0x0000000000000000
RSP=0x0000004d457fe800, RBP=0x0000000000000000, RSI=0x0000021b6e1ef580, RDI=0x0000021b53e2a440
R8 =0x0000021b6e1ef680, R9 =0x0000000000000000, R10=0x0000000000000000, R11=0x0000000000000246
R12=0x0000021b6e1ef580, R13=0x0000000000000000, R14=0x0000021b6e1efac8, R15=0x0000021b6e1e9e50
RIP=0x00007ffa9eb0b386, EFLAGS=0x0000000000010202

Top of Stack: (sp=0x0000004d457fe800)
0x0000004d457fe800:   0000021b522ce3d0 0000021b34d73e40
0x0000004d457fe810:   0000021b52674d70 0000021b34d70000
0x0000004d457fe820:   0000001634000000 0000000000000000
0x0000004d457fe830:   0000000000080012 00000000000000e3
0x0000004d457fe840:   0000021b522ce3d0 0000000000000000
0x0000004d457fe850:   0000000000000000 0000000000000220
0x0000004d457fe860:   0000000000000000 0000021b34d73e40
0x0000004d457fe870:   0000021b34de0000 3700021b34d70000
0x0000004d457fe880:   3030303038326437 00007ffaf315ed31
0x0000004d457fe890:   0000000000000220 00007ffaf315ed64
0x0000004d457fe8a0:   3030303038373038 3600000000000000
0x0000004d457fe8b0:   3030303030373364 0000000000000220
0x0000004d457fe8c0:   0000004d457fea30 0000000000000000
0x0000004d457fe8d0:   0000021b34c80be8 00007ffaf315ed31
0x0000004d457fe8e0:   0000000000000001 0000000000000000
0x0000004d457fe8f0:   0000000000000000 0000000000000000 

Instructions: (pc=0x00007ffa9eb0b386)
0x00007ffa9eb0b366:   00 83 f9 10 0f 83 3a 01 00 00 8b c1 48 c1 e0 06
0x00007ffa9eb0b376:   49 03 c0 48 85 c0 0f 84 9b 01 00 00 48 8b 50 08
0x00007ffa9eb0b386:   48 3b 95 68 54 03 00 0f 87 b6 0e 00 00 48 83 be
0x00007ffa9eb0b396:   c0 05 00 00 00 0f 85 50 e7 75 00 44 8b 8f d0 01 


Register to memory mapping:

RAX=0x0000021b6e1ef680 is an unknown value
RBX=0x0000021b522ce3d0 is an unknown value
RCX=0x0000000000000000 is an unknown value
RDX=0x0000000000000000 is an unknown value
RSP=0x0000004d457fe800 is an unknown value
RBP=0x0000000000000000 is an unknown value
RSI=0x0000021b6e1ef580 is an unknown value
RDI=0x0000021b53e2a440 is an unknown value
R8 =0x0000021b6e1ef680 is an unknown value
R9 =0x0000000000000000 is an unknown value
R10=0x0000000000000000 is an unknown value
R11=0x0000000000000246 is an unknown value
R12=0x0000021b6e1ef580 is an unknown value
R13=0x0000000000000000 is an unknown value
R14=0x0000021b6e1efac8 is an unknown value
R15=0x0000021b6e1e9e50 is an unknown value


Stack: [0x0000004d45700000,0x0000004d45800000],  sp=0x0000004d457fe800,  free space=1018k
Native frames: (J=compiled Java code, j=interpreted, Vv=VM code, C=native code)

VM_Operation (0x0000004d44efe2a0): Exit, mode: safepoint, requested by thread 0x0000021b34e27000


---------------  P R O C E S S  ---------------

Java Threads: ( => current thread )
  0x0000021b5546f800 JavaThread "Thread-7" [_thread_blocked, id=13772, stack(0x0000004d46800000,0x0000004d46900000)]
  0x0000021b54186800 JavaThread "Keep-Alive-Timer" daemon [_thread_blocked, id=4196, stack(0x0000004d46b00000,0x0000004d46c00000)]
  0x0000021b532b1000 JavaThread "Thread-6" [_thread_blocked, id=14956, stack(0x0000004d46a00000,0x0000004d46b00000)]
  0x0000021b52acf800 JavaThread "Java2D Disposer" daemon [_thread_blocked, id=21196, stack(0x0000004d46400000,0x0000004d46500000)]
  0x0000021b529f6800 JavaThread "Timer hack thread" daemon [_thread_blocked, id=13720, stack(0x0000004d46300000,0x0000004d46400000)]
  0x0000021b55b13800 JavaThread "Snooper Timer" daemon [_thread_blocked, id=17928, stack(0x0000004d46200000,0x0000004d46300000)]
  0x0000021b517f8800 JavaThread "Service Thread" daemon [_thread_blocked, id=11768, stack(0x0000004d46000000,0x0000004d46100000)]
  0x0000021b4f9a3800 JavaThread "C1 CompilerThread3" daemon [_thread_blocked, id=8660, stack(0x0000004d45f00000,0x0000004d46000000)]
  0x0000021b4f993800 JavaThread "C2 CompilerThread2" daemon [_thread_blocked, id=17996, stack(0x0000004d45e00000,0x0000004d45f00000)]
  0x0000021b4f98d800 JavaThread "C2 CompilerThread1" daemon [_thread_blocked, id=2500, stack(0x0000004d45d00000,0x0000004d45e00000)]
  0x0000021b4f98b000 JavaThread "C2 CompilerThread0" daemon [_thread_blocked, id=5404, stack(0x0000004d45c00000,0x0000004d45d00000)]
  0x0000021b4f988000 JavaThread "Attach Listener" daemon [_thread_blocked, id=21092, stack(0x0000004d45b00000,0x0000004d45c00000)]
  0x0000021b4f987000 JavaThread "Signal Dispatcher" daemon [_thread_blocked, id=8864, stack(0x0000004d45a00000,0x0000004d45b00000)]
  0x0000021b4f95e000 JavaThread "Finalizer" daemon [_thread_blocked, id=9464, stack(0x0000004d45900000,0x0000004d45a00000)]
  0x0000021b4f956800 JavaThread "Reference Handler" daemon [_thread_blocked, id=20024, stack(0x0000004d45800000,0x0000004d45900000)]
  0x0000021b34e27000 JavaThread "Client thread" [_thread_blocked, id=14452, stack(0x0000004d44e00000,0x0000004d44f00000)]

Other Threads:
=>0x0000021b4f92d800 VMThread [stack: 0x0000004d45700000,0x0000004d45800000] [id=908]

VM state:at safepoint (shutting down)

VM Mutex/Monitor currently owned by a thread:  ([mutex/lock_event])
[0x0000021b34e20510] Threads_lock - owner thread: 0x0000021b4f92d800

heap address: 0x00000006c3e00000, size: 4034 MB, Compressed Oops mode: Zero based, Oop shift amount: 3
Narrow klass base: 0x0000000000000000, Narrow klass shift: 3
Compressed class space size: 1073741824 Address: 0x00000007c0000000

Heap:
 PSYoungGen      total 281600K, used 46260K [0x000000076bf80000, 0x0000000785600000, 0x00000007c0000000)
  eden space 227840K, 16% used [0x000000076bf80000,0x000000076e4c3ad8,0x0000000779e00000)
  from space 53760K, 15% used [0x0000000779e00000,0x000000077a5e9740,0x000000077d280000)
  to   space 52736K, 0% used [0x0000000782280000,0x0000000782280000,0x0000000785600000)
 ParOldGen       total 254976K, used 101618K [0x00000006c3e00000, 0x00000006d3700000, 0x000000076bf80000)
  object space 254976K, 39% used [0x00000006c3e00000,0x00000006ca13c820,0x00000006d3700000)
 Metaspace       used 28838K, capacity 29087K, committed 29568K, reserved 1075200K
  class space    used 3569K, capacity 3639K, committed 3712K, reserved 1048576K

Card table byte_map: [0x0000021b45bc0000,0x0000021b463b0000] byte_map_base: 0x0000021b425a1000

Marking Bits: (ParMarkBitMap*) 0x0000000053907fe0
 Begin Bits: [0x0000021b46900000, 0x0000021b4a808000)
 End Bits:   [0x0000021b4a808000, 0x0000021b4e710000)

Polling page: 0x0000021b34f40000

CodeCache: size=245760Kb used=11346Kb max_used=12956Kb free=234413Kb
 bounds [0x0000021b36800000, 0x0000021b374d0000, 0x0000021b45800000]
 total_blobs=3634 nmethods=2977 adapters=568
 compilation: enabled

Compilation events (10 events):
Event: 12.492 Thread 0x0000021b4f98b000 3802  s    4       java.lang.StringBuffer::append (13 bytes)
Event: 12.492 Thread 0x0000021b4f9a3800 nmethod 3800 0x0000021b36c6cfd0 code [0x0000021b36c6d120, 0x0000021b36c6d2d8]
Event: 12.492 Thread 0x0000021b4f9a3800 3801       3       java.lang.StackTraceElement::toString (140 bytes)
Event: 12.493 Thread 0x0000021b4f9a3800 nmethod 3801 0x0000021b36b8abd0 code [0x0000021b36b8af00, 0x0000021b36b8cb90]
Event: 12.496 Thread 0x0000021b4f9a3800 3803       3       cpw.mods.fml.relauncher.FMLSecurityManager::checkPermission (150 bytes)
Event: 12.496 Thread 0x0000021b4f9a3800 nmethod 3803 0x0000021b36de0a10 code [0x0000021b36de0c80, 0x0000021b36de1ea0]
Event: 12.496 Thread 0x0000021b4f9a3800 3804  s    3       java.util.Hashtable::containsKey (65 bytes)
Event: 12.497 Thread 0x0000021b4f9a3800 nmethod 3804 0x0000021b36ddffd0 code [0x0000021b36de0160, 0x0000021b36de07a0]
Event: 12.497 Thread 0x0000021b4f9a3800 3805       3       org.apache.logging.log4j.core.helpers.NameUtil::getSubName (32 bytes)
Event: 12.497 Thread 0x0000021b4f9a3800 nmethod 3805 0x0000021b36ddf710 code [0x0000021b36ddf8a0, 0x0000021b36ddfe40]

GC Heap History (10 events):
Event: 8.911 GC heap before
{Heap before GC invocations=14 (full 2):
 PSYoungGen      total 156160K, used 156147K [0x000000076bf80000, 0x000000077b000000, 0x00000007c0000000)
  eden space 129536K, 100% used [0x000000076bf80000,0x0000000773e00000,0x0000000773e00000)
  from space 26624K, 99% used [0x0000000773e00000,0x00000007757fce88,0x0000000775800000)
  to   space 36352K, 0% used [0x0000000778c80000,0x0000000778c80000,0x000000077b000000)
 ParOldGen       total 130560K, used 61753K [0x00000006c3e00000, 0x00000006cbd80000, 0x000000076bf80000)
  object space 130560K, 47% used [0x00000006c3e00000,0x00000006c7a4e4a8,0x00000006cbd80000)
 Metaspace       used 24728K, capacity 24937K, committed 25216K, reserved 1071104K
  class space    used 3046K, capacity 3113K, committed 3200K, reserved 1048576K
Event: 8.934 GC heap after
Heap after GC invocations=14 (full 2):
 PSYoungGen      total 198144K, used 36344K [0x000000076bf80000, 0x000000077ca80000, 0x00000007c0000000)
  eden space 161792K, 0% used [0x000000076bf80000,0x000000076bf80000,0x0000000775d80000)
  from space 36352K, 99% used [0x0000000778c80000,0x000000077affe348,0x000000077b000000)
  to   space 48128K, 0% used [0x0000000775d80000,0x0000000775d80000,0x0000000778c80000)
 ParOldGen       total 130560K, used 78771K [0x00000006c3e00000, 0x00000006cbd80000, 0x000000076bf80000)
  object space 130560K, 60% used [0x00000006c3e00000,0x00000006c8aecc88,0x00000006cbd80000)
 Metaspace       used 24728K, capacity 24937K, committed 25216K, reserved 1071104K
  class space    used 3046K, capacity 3113K, committed 3200K, reserved 1048576K
}
Event: 9.763 GC heap before
{Heap before GC invocations=15 (full 2):
 PSYoungGen      total 198144K, used 198136K [0x000000076bf80000, 0x000000077ca80000, 0x00000007c0000000)
  eden space 161792K, 100% used [0x000000076bf80000,0x0000000775d80000,0x0000000775d80000)
  from space 36352K, 99% used [0x0000000778c80000,0x000000077affe348,0x000000077b000000)
  to   space 48128K, 0% used [0x0000000775d80000,0x0000000775d80000,0x0000000778c80000)
 ParOldGen       total 130560K, used 78771K [0x00000006c3e00000, 0x00000006cbd80000, 0x000000076bf80000)
  object space 130560K, 60% used [0x00000006c3e00000,0x00000006c8aecc88,0x00000006cbd80000)
 Metaspace       used 24749K, capacity 25001K, committed 25472K, reserved 1071104K
  class space    used 3047K, capacity 3113K, committed 3200K, reserved 1048576K
Event: 9.792 GC heap after
Heap after GC invocations=15 (full 2):
 PSYoungGen      total 209920K, used 42373K [0x000000076bf80000, 0x0000000780780000, 0x00000007c0000000)
  eden space 161792K, 0% used [0x000000076bf80000,0x000000076bf80000,0x0000000775d80000)
  from space 48128K, 88% used [0x0000000775d80000,0x00000007786e1748,0x0000000778c80000)
  to   space 54272K, 0% used [0x000000077d280000,0x000000077d280000,0x0000000780780000)
 ParOldGen       total 130560K, used 99926K [0x00000006c3e00000, 0x00000006cbd80000, 0x000000076bf80000)
  object space 130560K, 76% used [0x00000006c3e00000,0x00000006c9f959e8,0x00000006cbd80000)
 Metaspace       used 24749K, capacity 25001K, committed 25472K, reserved 1071104K
  class space    used 3047K, capacity 3113K, committed 3200K, reserved 1048576K
}
Event: 10.766 GC heap before
{Heap before GC invocations=16 (full 2):
 PSYoungGen      total 209920K, used 204165K [0x000000076bf80000, 0x0000000780780000, 0x00000007c0000000)
  eden space 161792K, 100% used [0x000000076bf80000,0x0000000775d80000,0x0000000775d80000)
  from space 48128K, 88% used [0x0000000775d80000,0x00000007786e1748,0x0000000778c80000)
  to   space 54272K, 0% used [0x000000077d280000,0x000000077d280000,0x0000000780780000)
 ParOldGen       total 130560K, used 99926K [0x00000006c3e00000, 0x00000006cbd80000, 0x000000076bf80000)
  object space 130560K, 76% used [0x00000006c3e00000,0x00000006c9f959e8,0x00000006cbd80000)
 Metaspace       used 25293K, capacity 25545K, committed 25856K, reserved 1071104K
  class space    used 3118K, capacity 3209K, committed 3328K, reserved 1048576K
Event: 10.793 GC heap after
Heap after GC invocations=16 (full 2):
 PSYoungGen      total 282112K, used 29040K [0x000000076bf80000, 0x0000000780800000, 0x00000007c0000000)
  eden space 227840K, 0% used [0x000000076bf80000,0x000000076bf80000,0x0000000779e00000)
  from space 54272K, 53% used [0x000000077d280000,0x000000077eedc160,0x0000000780780000)
  to   space 53760K, 0% used [0x0000000779e00000,0x0000000779e00000,0x000000077d280000)
 ParOldGen       total 130560K, used 112925K [0x00000006c3e00000, 0x00000006cbd80000, 0x000000076bf80000)
  object space 130560K, 86% used [0x00000006c3e00000,0x00000006cac47778,0x00000006cbd80000)
 Metaspace       used 25293K, capacity 25545K, committed 25856K, reserved 1071104K
  class space    used 3118K, capacity 3209K, committed 3328K, reserved 1048576K
}
Event: 10.793 GC heap before
{Heap before GC invocations=17 (full 3):
 PSYoungGen      total 282112K, used 29040K [0x000000076bf80000, 0x0000000780800000, 0x00000007c0000000)
  eden space 227840K, 0% used [0x000000076bf80000,0x000000076bf80000,0x0000000779e00000)
  from space 54272K, 53% used [0x000000077d280000,0x000000077eedc160,0x0000000780780000)
  to   space 53760K, 0% used [0x0000000779e00000,0x0000000779e00000,0x000000077d280000)
 ParOldGen       total 130560K, used 112925K [0x00000006c3e00000, 0x00000006cbd80000, 0x000000076bf80000)
  object space 130560K, 86% used [0x00000006c3e00000,0x00000006cac47778,0x00000006cbd80000)
 Metaspace       used 25293K, capacity 25545K, committed 25856K, reserved 1071104K
  class space    used 3118K, capacity 3209K, committed 3328K, reserved 1048576K
Event: 10.873 GC heap after
Heap after GC invocations=17 (full 3):
 PSYoungGen      total 282112K, used 0K [0x000000076bf80000, 0x0000000780800000, 0x00000007c0000000)
  eden space 227840K, 0% used [0x000000076bf80000,0x000000076bf80000,0x0000000779e00000)
  from space 54272K, 0% used [0x000000077d280000,0x000000077d280000,0x0000000780780000)
  to   space 53760K, 0% used [0x0000000779e00000,0x0000000779e00000,0x000000077d280000)
 ParOldGen       total 254976K, used 101610K [0x00000006c3e00000, 0x00000006d3700000, 0x000000076bf80000)
  object space 254976K, 39% used [0x00000006c3e00000,0x00000006ca13a820,0x00000006d3700000)
 Metaspace       used 25293K, capacity 25545K, committed 25856K, reserved 1071104K
  class space    used 3118K, capacity 3209K, committed 3328K, reserved 1048576K
}
Event: 12.382 GC heap before
{Heap before GC invocations=18 (full 3):
 PSYoungGen      total 282112K, used 227840K [0x000000076bf80000, 0x0000000780800000, 0x00000007c0000000)
  eden space 227840K, 100% used [0x000000076bf80000,0x0000000779e00000,0x0000000779e00000)
  from space 54272K, 0% used [0x000000077d280000,0x000000077d280000,0x0000000780780000)
  to   space 53760K, 0% used [0x0000000779e00000,0x0000000779e00000,0x000000077d280000)
 ParOldGen       total 254976K, used 101610K [0x00000006c3e00000, 0x00000006d3700000, 0x000000076bf80000)
  object space 254976K, 39% used [0x00000006c3e00000,0x00000006ca13a820,0x00000006d3700000)
 Metaspace       used 28373K, capacity 28567K, committed 28928K, reserved 1075200K
  class space    used 3496K, capacity 3572K, committed 3584K, reserved 1048576K
Event: 12.386 GC heap after
Heap after GC invocations=18 (full 3):
 PSYoungGen      total 281600K, used 8101K [0x000000076bf80000, 0x0000000785600000, 0x00000007c0000000)
  eden space 227840K, 0% used [0x000000076bf80000,0x000000076bf80000,0x0000000779e00000)
  from space 53760K, 15% used [0x0000000779e00000,0x000000077a5e9740,0x000000077d280000)
  to   space 52736K, 0% used [0x0000000782280000,0x0000000782280000,0x0000000785600000)
 ParOldGen       total 254976K, used 101618K [0x00000006c3e00000, 0x00000006d3700000, 0x000000076bf80000)
  object space 254976K, 39% used [0x00000006c3e00000,0x00000006ca13c820,0x00000006d3700000)
 Metaspace       used 28373K, capacity 28567K, committed 28928K, reserved 1075200K
  class space    used 3496K, capacity 3572K, committed 3584K, reserved 1048576K
}

Deoptimization events (10 events):
Event: 11.462 Thread 0x0000021b5546f800 Uncommon trap: reason=unstable_if action=reinterpret pc=0x0000021b3711e764 method=sun.net.www.MessageHeader.grow()V @ 4
Event: 11.564 Thread 0x0000021b5546f800 Uncommon trap: reason=unstable_if action=reinterpret pc=0x0000021b36c121e0 method=com.google.gson.stream.JsonReader.doPeek()I @ 704
Event: 12.183 Thread 0x0000021b34e27000 Uncommon trap: reason=unstable_if action=reinterpret pc=0x0000021b36ea94c4 method=java.util.Formatter$Conversion.isValid(C)Z @ 4
Event: 12.187 Thread 0x0000021b34e27000 Uncommon trap: reason=class_check action=maybe_recompile pc=0x0000021b36cbc848 method=com.google.common.collect.AbstractMapBasedMultimap$WrappedCollection$WrappedIterator.next()Ljava/lang/Object; @ 8
Event: 12.187 Thread 0x0000021b34e27000 Uncommon trap: reason=class_check action=maybe_recompile pc=0x0000021b36cbc848 method=com.google.common.collect.AbstractMapBasedMultimap$WrappedCollection$WrappedIterator.next()Ljava/lang/Object; @ 8
Event: 12.187 Thread 0x0000021b34e27000 Uncommon trap: reason=class_check action=maybe_recompile pc=0x0000021b36cbc848 method=com.google.common.collect.AbstractMapBasedMultimap$WrappedCollection$WrappedIterator.next()Ljava/lang/Object; @ 8
Event: 12.203 Thread 0x0000021b34e27000 Uncommon trap: reason=unstable_if action=reinterpret pc=0x0000021b36e295bc method=java.util.Formatter$Conversion.isValid(C)Z @ 4
Event: 12.476 Thread 0x0000021b34e27000 Uncommon trap: reason=class_check action=maybe_recompile pc=0x0000021b36ecf300 method=com.google.common.collect.AbstractMapBasedMultimap$Itr.next()Ljava/lang/Object; @ 4
Event: 12.486 Thread 0x0000021b34e27000 Uncommon trap: reason=unstable_if action=reinterpret pc=0x0000021b37475f30 method=com.google.common.collect.AbstractMapBasedMultimap$Itr.hasNext()Z @ 9
Event: 12.494 Thread 0x0000021b34e27000 Uncommon trap: reason=unstable_if action=reinterpret pc=0x0000021b36e48d58 method=cpw.mods.fml.relauncher.FMLSecurityManager.checkPermission(Ljava/security/Permission;)V @ 23

Classes redefined (0 events):
No events

Internal exceptions (10 events):
Event: 11.681 Thread 0x0000021b532b1000 Exception <a 'org/lwjgl/LWJGLException'> (0x0000000772f45a18) thrown at [C:\jenkins\workspace\8-2-build-windows-amd64-cygwin\jdk8u301\1513\hotspot\src\share\vm\prims\jni.cpp, line 710]
Event: 11.681 Thread 0x0000021b532b1000 Exception <a 'org/lwjgl/LWJGLException'> (0x0000000772f46068) thrown at [C:\jenkins\workspace\8-2-build-windows-amd64-cygwin\jdk8u301\1513\hotspot\src\share\vm\prims\jni.cpp, line 710]
Event: 11.681 Thread 0x0000021b532b1000 Exception <a 'org/lwjgl/LWJGLException'> (0x0000000772f465c8) thrown at [C:\jenkins\workspace\8-2-build-windows-amd64-cygwin\jdk8u301\1513\hotspot\src\share\vm\prims\jni.cpp, line 710]
Event: 11.681 Thread 0x0000021b532b1000 Exception <a 'org/lwjgl/LWJGLException'> (0x0000000772f46b28) thrown at [C:\jenkins\workspace\8-2-build-windows-amd64-cygwin\jdk8u301\1513\hotspot\src\share\vm\prims\jni.cpp, line 710]
Event: 11.681 Thread 0x0000021b532b1000 Exception <a 'org/lwjgl/LWJGLException'> (0x0000000772f470b0) thrown at [C:\jenkins\workspace\8-2-build-windows-amd64-cygwin\jdk8u301\1513\hotspot\src\share\vm\prims\jni.cpp, line 710]
Event: 11.682 Thread 0x0000021b532b1000 Exception <a 'org/lwjgl/LWJGLException'> (0x0000000772f475b8) thrown at [C:\jenkins\workspace\8-2-build-windows-amd64-cygwin\jdk8u301\1513\hotspot\src\share\vm\prims\jni.cpp, line 710]
Event: 12.056 Thread 0x0000021b532b1000 Exception <a 'java/lang/InterruptedException': sleep interrupted> (0x0000000772fb6b48) thrown at [C:\jenkins\workspace\8-2-build-windows-amd64-cygwin\jdk8u301\1513\hotspot\src\share\vm\prims\jvm.cpp, line 3357]
Event: 12.056 Thread 0x0000021b532b1000 Exception <a 'java/lang/InterruptedException': sleep interrupted> (0x0000000772fb6da0) thrown at [C:\jenkins\workspace\8-2-build-windows-amd64-cygwin\jdk8u301\1513\hotspot\src\share\vm\prims\jvm.cpp, line 3357]
Event: 12.476 Thread 0x0000021b34e27000 Exception <a 'java/lang/reflect/InvocationTargetException'> (0x000000076d5f0ac8) thrown at [C:\jenkins\workspace\8-2-build-windows-amd64-cygwin\jdk8u301\1513\hotspot\src\share\vm\runtime\reflection.cpp, line 1092]
Event: 12.496 Thread 0x0000021b674ff800 Exception <a 'org/lwjgl/LWJGLException': Failed to set device gamma.> (0x000000076e28a218) thrown at [C:\jenkins\workspace\8-2-build-windows-amd64-cygwin\jdk8u301\1513\hotspot\src\share\vm\prims\jni.cpp, line 737]

Events (10 events):
Event: 12.495 Thread 0x0000021b69b6c800 Thread exited: 0x0000021b69b6c800
Event: 12.496 Thread 0x0000021b4f9a8000 Thread exited: 0x0000021b4f9a8000
Event: 12.496 Thread 0x0000021b674ff800 Thread exited: 0x0000021b674ff800
Event: 12.496 loading class javax/servlet/ServletContext
Event: 12.496 loading class javax/servlet/ServletContext done
Event: 12.497 loading class javax/servlet/ServletContext
Event: 12.497 loading class javax/servlet/ServletContext done
Event: 12.497 Thread 0x0000021b5285a000 Thread exited: 0x0000021b5285a000
Event: 12.497 Thread 0x0000021b6c53c800 Thread exited: 0x0000021b6c53c800
Event: 12.497 Executing VM operation: Exit


Dynamic libraries:
0x00007ff7a2f80000 - 0x00007ff7a2fc7000 	C:\Program Files\Java\jdk1.8.0_301\bin\java.exe
0x00007ffaf30d0000 - 0x00007ffaf32c7000 	C:\WINDOWS\SYSTEM32\ntdll.dll
0x00007ffaf2df0000 - 0x00007ffaf2ead000 	C:\WINDOWS\System32\KERNEL32.DLL
0x00007ffaf0da0000 - 0x00007ffaf106d000 	C:\WINDOWS\System32\KERNELBASE.dll
0x00007ffaf2bb0000 - 0x00007ffaf2c5e000 	C:\WINDOWS\System32\ADVAPI32.dll
0x00007ffaf20b0000 - 0x00007ffaf214e000 	C:\WINDOWS\System32\msvcrt.dll
0x00007ffaf1210000 - 0x00007ffaf12ac000 	C:\WINDOWS\System32\sechost.dll
0x00007ffaf25c0000 - 0x00007ffaf26e5000 	C:\WINDOWS\System32\RPCRT4.dll
0x00007ffaf1b70000 - 0x00007ffaf1d10000 	C:\WINDOWS\System32\USER32.dll
0x00007ffaf1070000 - 0x00007ffaf1092000 	C:\WINDOWS\System32\win32u.dll
0x00007ffaf1b40000 - 0x00007ffaf1b6a000 	C:\WINDOWS\System32\GDI32.dll
0x00007ffaf0b40000 - 0x00007ffaf0c4b000 	C:\WINDOWS\System32\gdi32full.dll
0x00007ffaf0c50000 - 0x00007ffaf0ced000 	C:\WINDOWS\System32\msvcp_win.dll
0x00007ffaf09a0000 - 0x00007ffaf0aa0000 	C:\WINDOWS\System32\ucrtbase.dll
0x00007ffad5260000 - 0x00007ffad54fa000 	C:\WINDOWS\WinSxS\amd64_microsoft.windows.common-controls_6595b64144ccf1df_6.0.19041.1110_none_60b5254171f9507e\COMCTL32.dll
0x00007ffaf2cf0000 - 0x00007ffaf2d20000 	C:\WINDOWS\System32\IMM32.DLL
0x00007ffad03c0000 - 0x00007ffad03d5000 	C:\Program Files\Java\jdk1.8.0_301\jre\bin\vcruntime140.dll
0x00007ffabac30000 - 0x00007ffabaccb000 	C:\Program Files\Java\jdk1.8.0_301\jre\bin\msvcp140.dll
0x0000000053120000 - 0x0000000053980000 	C:\Program Files\Java\jdk1.8.0_301\jre\bin\server\jvm.dll
0x00007ffaf12b0000 - 0x00007ffaf12b8000 	C:\WINDOWS\System32\PSAPI.DLL
0x00007ffad2780000 - 0x00007ffad27a7000 	C:\WINDOWS\SYSTEM32\WINMM.dll
0x00007ffae65c0000 - 0x00007ffae65ca000 	C:\WINDOWS\SYSTEM32\VERSION.dll
0x00007ffae7390000 - 0x00007ffae7399000 	C:\WINDOWS\SYSTEM32\WSOCK32.dll
0x00007ffaf1d10000 - 0x00007ffaf1d7b000 	C:\WINDOWS\System32\WS2_32.dll
0x00007ffaef080000 - 0x00007ffaef092000 	C:\WINDOWS\SYSTEM32\kernel.appcore.dll
0x00007ffad9440000 - 0x00007ffad9450000 	C:\Program Files\Java\jdk1.8.0_301\jre\bin\verify.dll
0x00007ffad0390000 - 0x00007ffad03bb000 	C:\Program Files\Java\jdk1.8.0_301\jre\bin\java.dll
0x00007ffad02e0000 - 0x00007ffad02f8000 	C:\Program Files\Java\jdk1.8.0_301\jre\bin\zip.dll
0x00007ffaf1340000 - 0x00007ffaf1a84000 	C:\WINDOWS\System32\SHELL32.dll
0x00007ffaee5e0000 - 0x00007ffaeed74000 	C:\WINDOWS\SYSTEM32\windows.storage.dll
0x00007ffaf2760000 - 0x00007ffaf2ab4000 	C:\WINDOWS\System32\combase.dll
0x00007ffaf0250000 - 0x00007ffaf027c000 	C:\WINDOWS\SYSTEM32\Wldp.dll
0x00007ffaf2eb0000 - 0x00007ffaf2f5d000 	C:\WINDOWS\System32\SHCORE.dll
0x00007ffaf2700000 - 0x00007ffaf2755000 	C:\WINDOWS\System32\shlwapi.dll
0x00007ffaf0730000 - 0x00007ffaf074f000 	C:\WINDOWS\SYSTEM32\profapi.dll
0x00007ffad1d20000 - 0x00007ffad1d2d000 	C:\Program Files\Java\jdk1.8.0_301\jre\bin\management.dll
0x00007ffacfec0000 - 0x00007ffacfedc000 	C:\Program Files\Java\jdk1.8.0_301\jre\bin\net.dll
0x00007ffaeffb0000 - 0x00007ffaf001a000 	C:\WINDOWS\system32\mswsock.dll
0x00007ffacfe70000 - 0x00007ffacfe83000 	C:\Program Files\Java\jdk1.8.0_301\jre\bin\nio.dll
0x00007ffad4c90000 - 0x00007ffad4ca7000 	C:\WINDOWS\system32\napinsp.dll
0x00007ffad4b60000 - 0x00007ffad4b7b000 	C:\WINDOWS\system32\pnrpnsp.dll
0x00007ffad32a0000 - 0x00007ffad32b5000 	C:\WINDOWS\system32\wshbth.dll
0x00007ffae8060000 - 0x00007ffae807d000 	C:\WINDOWS\system32\NLAapi.dll
0x00007ffaefc50000 - 0x00007ffaefc8b000 	C:\WINDOWS\SYSTEM32\IPHLPAPI.DLL
0x00007ffaefca0000 - 0x00007ffaefd6b000 	C:\WINDOWS\SYSTEM32\DNSAPI.dll
0x00007ffaf26f0000 - 0x00007ffaf26f8000 	C:\WINDOWS\System32\NSI.dll
0x00007ffad14c0000 - 0x00007ffad14d2000 	C:\WINDOWS\System32\winrnr.dll
0x00007ffae60a0000 - 0x00007ffae60aa000 	C:\Windows\System32\rasadhlp.dll
0x00007ffae58c0000 - 0x00007ffae5940000 	C:\WINDOWS\System32\fwpuclnt.dll
0x00007ffaf0b10000 - 0x00007ffaf0b37000 	C:\WINDOWS\System32\bcrypt.dll
0x0000000180000000 - 0x0000000180051000 	C:\Users\aryak\.gradle\caches\minecraft\net\minecraft\minecraft_natives\1.7.10\lwjgl64.dll
0x00007ffabbf30000 - 0x00007ffabc056000 	C:\WINDOWS\SYSTEM32\OPENGL32.dll
0x00007ffabc2d0000 - 0x00007ffabc2fc000 	C:\WINDOWS\SYSTEM32\GLU32.dll
0x00007ffaf01a0000 - 0x00007ffaf01b8000 	C:\WINDOWS\SYSTEM32\CRYPTSP.dll
0x00007ffaef8c0000 - 0x00007ffaef8f4000 	C:\WINDOWS\system32\rsaenh.dll
0x00007ffaf06b0000 - 0x00007ffaf06de000 	C:\WINDOWS\SYSTEM32\USERENV.dll
0x00007ffaf10a0000 - 0x00007ffaf1122000 	C:\WINDOWS\System32\bcryptprimitives.dll
0x00007ffaf01c0000 - 0x00007ffaf01cc000 	C:\WINDOWS\SYSTEM32\CRYPTBASE.dll
0x00007ffae6810000 - 0x00007ffae6827000 	C:\WINDOWS\SYSTEM32\dhcpcsvc6.DLL
0x00007ffae6660000 - 0x00007ffae667d000 	C:\WINDOWS\SYSTEM32\dhcpcsvc.DLL
0x00007ffab28c0000 - 0x00007ffab2a55000 	C:\Program Files\Java\jdk1.8.0_301\jre\bin\awt.dll
0x00007ffaf2d20000 - 0x00007ffaf2ded000 	C:\WINDOWS\System32\OLEAUT32.dll
0x00007ffaea110000 - 0x00007ffaea1a0000 	C:\WINDOWS\SYSTEM32\apphelp.dll
0x00007ffae77b0000 - 0x00007ffae785e000 	C:\WINDOWS\SYSTEM32\mscms.dll
0x00007ffae76a0000 - 0x00007ffae76b1000 	C:\WINDOWS\SYSTEM32\ColorAdapterClient.dll
0x00007ffaea250000 - 0x00007ffaea2ee000 	C:\WINDOWS\system32\uxtheme.dll
0x00007ffaf1de0000 - 0x00007ffaf1ef5000 	C:\WINDOWS\System32\MSCTF.dll
0x00007ffaf1a90000 - 0x00007ffaf1b39000 	C:\WINDOWS\System32\clbcatq.dll
0x00007ffa9e8d0000 - 0x00007ffa9f8a3000 	C:\WINDOWS\System32\DriverStore\FileRepository\iigd_dch.inf_amd64_bdd36875e9c5d396\igxelpicd64.dll
0x00007ffaf2f60000 - 0x00007ffaf308a000 	C:\WINDOWS\System32\ole32.dll
0x00007ffaee210000 - 0x00007ffaee23f000 	C:\WINDOWS\system32\dwmapi.dll
0x00007ffaef0f0000 - 0x00007ffaef1e3000 	C:\WINDOWS\system32\dxgi.dll
0x00007ffaa7530000 - 0x00007ffaa79b7000 	C:\WINDOWS\System32\DriverStore\FileRepository\iigd_dch.inf_amd64_bdd36875e9c5d396\igdml64.dll
0x00007ffae0f40000 - 0x00007ffae1301000 	C:\WINDOWS\System32\DriverStore\FileRepository\iigd_dch.inf_amd64_bdd36875e9c5d396\igdgmm64.dll
0x00007ffac9cd0000 - 0x00007ffac9dc9000 	C:\WINDOWS\SYSTEM32\textinputframework.dll
0x00007ffae9ed0000 - 0x00007ffae9fc2000 	C:\WINDOWS\System32\CoreMessaging.dll
0x00007ffae9a90000 - 0x00007ffae9dee000 	C:\WINDOWS\System32\CoreUIComponents.dll
0x00007ffaef4f0000 - 0x00007ffaef523000 	C:\WINDOWS\SYSTEM32\ntmarta.dll
0x00007ffae8730000 - 0x00007ffae8884000 	C:\WINDOWS\SYSTEM32\wintypes.dll
0x00007ffabb7d0000 - 0x00007ffabb836000 	C:\WINDOWS\system32\Oleacc.dll
0x00007ffacea70000 - 0x00007ffaceab3000 	C:\WINDOWS\SYSTEM32\icm32.dll
0x00007ffaddd00000 - 0x00007ffae0f06000 	C:\WINDOWS\System32\DriverStore\FileRepository\iigd_dch.inf_amd64_bdd36875e9c5d396\igc64.dll
0x00007ffaefdc0000 - 0x00007ffaefe0b000 	C:\WINDOWS\SYSTEM32\powrprof.dll
0x00007ffaefc30000 - 0x00007ffaefc42000 	C:\WINDOWS\SYSTEM32\UMPDC.dll
0x0000000070a40000 - 0x0000000070adc000 	C:\Users\aryak\.gradle\caches\minecraft\net\minecraft\minecraft_natives\1.7.10\avutil-ttv-51.dll
0x0000000065980000 - 0x00000000659d6000 	C:\Users\aryak\.gradle\caches\minecraft\net\minecraft\minecraft_natives\1.7.10\swresample-ttv-0.dll
0x000000006eb80000 - 0x000000006ec50000 	C:\Users\aryak\.gradle\caches\minecraft\net\minecraft\minecraft_natives\1.7.10\libmp3lame-ttv.dll
0x00007ffa9c790000 - 0x00007ffa9db34000 	C:\Users\aryak\.gradle\caches\minecraft\net\minecraft\minecraft_natives\1.7.10\libmfxsw64.dll
0x00007ffaa7400000 - 0x00007ffaa752b000 	C:\Users\aryak\.gradle\caches\minecraft\net\minecraft\minecraft_natives\1.7.10\twitchsdk.dll
0x00007ffad2dc0000 - 0x00007ffad3296000 	C:\WINDOWS\SYSTEM32\WININET.dll
0x0000021b5e790000 - 0x0000021b5e7f4000 	C:\Users\aryak\.gradle\caches\minecraft\net\minecraft\minecraft_natives\1.7.10\OpenAL64.dll
0x00007ffae65d0000 - 0x00007ffae6655000 	C:\WINDOWS\System32\MMDevApi.dll
0x00007ffaf05a0000 - 0x00007ffaf05cc000 	C:\WINDOWS\System32\DEVOBJ.dll
0x00007ffaf0950000 - 0x00007ffaf099e000 	C:\WINDOWS\System32\cfgmgr32.dll
0x00007ffab7d50000 - 0x00007ffab7dec000 	C:\WINDOWS\SYSTEM32\dsound.dll
0x00007ffad32c0000 - 0x00007ffad32e6000 	C:\WINDOWS\SYSTEM32\winmmbase.dll
0x00007ffae6680000 - 0x00007ffae6802000 	C:\WINDOWS\SYSTEM32\AUDIOSES.DLL
0x00007ffaedf20000 - 0x00007ffaedf34000 	C:\WINDOWS\SYSTEM32\resourcepolicyclient.dll
0x00007ffaeed80000 - 0x00007ffaeef64000 	C:\WINDOWS\SYSTEM32\dbghelp.dll

VM Arguments:
jvm_args: -Dfile.encoding=windows-1252 -Duser.country=US -Duser.language=en -Duser.variant 
java_command: GradleStart
java_class_path (initial): C:\Users\aryak\.gradle\caches\minecraft\net\minecraftforge\forge\1.7.10-10.13.4.1614-1.7.10\start;C:\Users\aryak\.gradle\caches\minecraft\net\minecraftforge\forge\1.7.10-10.13.4.1614-1.7.10\forgeSrc-1.7.10-10.13.4.1614-1.7.10.jar;C:\Users\aryak\.gradle\caches\modules-2\files-2.1\net.minecraft\launchwrapper\1.12\111e7bea9c968cdb3d06ef4632bf7ff0824d0f36\launchwrapper-1.12.jar;C:\Users\aryak\.gradle\caches\modules-2\files-2.1\com.google.code.findbugs\jsr305\1.3.9\40719ea6961c0cb6afaeb6a921eaa1f6afd4cfdf\jsr305-1.3.9.jar;C:\Users\aryak\.gradle\caches\modules-2\files-2.1\org.ow2.asm\asm-debug-all\5.0.3\f9e364ae2a66ce2a543012a4668856e84e5dab74\asm-debug-all-5.0.3.jar;C:\Users\aryak\.gradle\caches\modules-2\files-2.1\com.typesafe.akka\akka-actor_2.11\2.3.3\ed62e9fc709ca0f2ff1a3220daa8b70a2870078e\akka-actor_2.11-2.3.3.jar;C:\Users\aryak\.gradle\caches\modules-2\files-2.1\com.typesafe\config\1.2.1\f771f71fdae3df231bcd54d5ca2d57f0bf93f467\config-1.2.1.jar;C:\Users\aryak\.gradle\caches\modules-2\files-2.1\org.scala-lang\scala-actors-migration_2.11\1.1.0\dfa8bc42b181d5b9f1a5dd147f8ae308b893eb6f\scala-actors-migration_2.11-1.1.0.jar;C:\Users\aryak\.gradle\caches\modules-2\files-2.1\org.scala-lang.plugins\scala-continuations-plugin_2.11.1\1.0.2\f361a3283452c57fa30c1ee69448995de23c60f7\scala-continuations-plugin_2.11.1-1.0.2.jar;C:\Users\aryak\.gradle\caches\modules-2\files-2.1\org.scala-lang\scala-compiler\2.11.1\56ea2e6c025e0821f28d73ca271218b8dd04926a\scala-compiler-2.11.1.jar;C:\Users\aryak\.gradle\caches\modules-2\files-2.1\org.scala-lang.plugins\scala-continuations-library_2.11\1.0.2\e517c53a7e9acd6b1668c5a35eccbaa3bab9aac\scala-continuations-library_2.11-1.0.2.jar;C:\Users\aryak\.gradle\caches\modules-2\files-2.1\org.scala-lang\scala-reflect\2.11.1\6580347e61cc7f8e802941e7fde40fa83b8badeb\scala-reflect-2.11.1.jar;C:\Users\aryak\.gradle\caches\modules-2\files-2.1\org.scala-lang\scala-actors\2.11.0\8ccfb6541de179bb1c4d45cf414acee069b7f78b\scala-a
Launcher Type: SUN_STANDARD

Environment Variables:
JAVA_HOME=C:\Program Files\Java\jdk1.8.0_301
PATH=C:\Program Files\Eclipse Foundation\jdk-16.0.2.7-hotspot\bin;C:\Program Files\Zulu\zulu-17\bin\;C:\Program Files (x86)\Common Files\Intel\Shared Libraries\redist\intel64\compiler;C:\Program Files (x86)\Common Files\Oracle\Java\javapath;C:\WINDOWS\system32;C:\WINDOWS;C:\WINDOWS\System32\Wbem;C:\WINDOWS\System32\WindowsPowerShell\v1.0\;C:\WINDOWS\System32\OpenSSH\;C:\ProgramData\chocolatey\bin;C:\ProgramData\chocolatey\lib\mpv.install\tools;C:\Program Files\Git\cmd;C:\Program Files\dotnet\;C:\Program Files\nodejs\;C:\Program Files\Go\bin;C:\Program Files\Microsoft SQL Server\150\Tools\Binn\;C:\Program Files\Microsoft SQL Server\Client SDK\ODBC\170\Tools\Binn\;C:\Users\aryak\.cargo\bin;C:\Users\aryak\scoop\shims;C:\Users\aryak\AppData\Local\Microsoft\WindowsApps;C:\Users\aryak\AppData\Local\GitHubDesktop\bin;C:\Users\aryak\AppData\Local\Programs\Microsoft VS Code\bin;C:\Users\aryak\.dotnet\tools;C:\Users\aryak\.dotnet\tools;C:\Users\aryak\AppData\Roaming\npm;C:\Users\aryak\go\bin
USERNAME=aryak
OS=Windows_NT
PROCESSOR_IDENTIFIER=Intel64 Family 6 Model 140 Stepping 1, GenuineIntel



---------------  S Y S T E M  ---------------

OS: Windows 10.0 , 64 bit Build 19041 (10.0.19041.1741)

CPU:total 8 (initial active 8) (4 cores per cpu, 2 threads per core) family 6 model 140 stepping 1, cmov, cx8, fxsr, mmx, sse, sse2, sse3, ssse3, sse4.1, sse4.2, popcnt, avx, avx2, aes, clmul, erms, 3dnowpref, lzcnt, ht, tsc, tscinvbit, bmi1, bmi2, adx

Memory: 4k page, physical 16517112k(5405660k free), swap 37568276k(14545468k free)

vm_info: Java HotSpot(TM) 64-Bit Server VM (25.301-b09) for windows-amd64 JRE (1.8.0_301-b09), built on Jun  9 2021 06:46:21 by "java_re" with MS VC++ 15.9 (VS2017)

time: Sun Jul 10 23:07:14 2022
timezone: Pacific Daylight Time
elapsed time: 12.639243 seconds (0d 0h 0m 12s)

