#
# A fatal error has been detected by the Java Runtime Environment:
#
#  EXCEPTION_ACCESS_VIOLATION (0xc0000005) at pc=0x00007ffaa1edb386, pid=4720, tid=0x00000000000036d4
#
# JRE version: Java(TM) SE Runtime Environment (8.0_301-b09) (build 1.8.0_301-b09)
# Java VM: Java HotSpot(TM) 64-Bit Server VM (25.301-b09 mixed mode windows-amd64 compressed oops)
# Problematic frame:
# C  [igxelpicd64.dll+0x23b386]
#
# Failed to write core dump. Minidumps are not enabled by default on client versions of Windows
#
# If you would like to submit a bug report, please visit:
#   http://bugreport.java.com/bugreport/crash.jsp
#

---------------  T H R E A D  ---------------

Current thread (0x0000014c5a393800):  VMThread [stack: 0x0000002008700000,0x0000002008800000] [id=14036]

siginfo: ExceptionCode=0xc0000005, reading address 0x0000000000035468

Registers:
RAX=0x0000014c62936ee0, RBX=0x0000014c5d36fda0, RCX=0x0000000000000001, RDX=0x0000000000000000
RSP=0x00000020087fe9c0, RBP=0x0000000000000000, RSI=0x0000014c62936da0, RDI=0x0000014c5d4cc320
R8 =0x0000014c62936ea0, R9 =0x0000000000000000, R10=0x0000000000000000, R11=0x0000000000000246
R12=0x0000014c62936da0, R13=0x0000000000000000, R14=0x0000014c629372e8, R15=0x0000014c6293bf00
RIP=0x00007ffaa1edb386, EFLAGS=0x0000000000010202

Top of Stack: (sp=0x00000020087fe9c0)
0x00000020087fe9c0:   0000014c5d36fda0 0000000000000220
0x00000020087fe9d0:   0000000000000220 0000014c3f790cc0
0x00000020087fe9e0:   000000163f000000 0000000000000000
0x00000020087fe9f0:   0000000000000000 0000000000000220
0x00000020087fea00:   0000014c5d36fda0 3700000000000004
0x00000020087fea10:   3030303038393037 00000020087fead9
0x00000020087fea20:   0000000000000022 00007ffaf30fb3c7
0x00000020087fea30:   0000014c3f790000 3700000000000000
0x00000020087fea40:   3030303038613538 00007ffaf315ed31
0x00000020087fea50:   3037373537303163 00007ffaf315ed64
0x00000020087fea60:   3030303038633038 3600000002000002
0x00000020087fea70:   3030303038333364 00007ffaf315ed31
0x00000020087fea80:   00000020087febf0 0000000000000000
0x00000020087fea90:   0000014c3f770be8 00000020087fecb0
0x00000020087feaa0:   0000000000000001 0000000000000000
0x00000020087feab0:   0000000000000000 0000000000000000 

Instructions: (pc=0x00007ffaa1edb386)
0x00007ffaa1edb366:   00 83 f9 10 0f 83 3a 01 00 00 8b c1 48 c1 e0 06
0x00007ffaa1edb376:   49 03 c0 48 85 c0 0f 84 9b 01 00 00 48 8b 50 08
0x00007ffaa1edb386:   48 3b 95 68 54 03 00 0f 87 b6 0e 00 00 48 83 be
0x00007ffaa1edb396:   c0 05 00 00 00 0f 85 50 e7 75 00 44 8b 8f d0 01 


Register to memory mapping:

RAX=0x0000014c62936ee0 is an unknown value
RBX=0x0000014c5d36fda0 is an unknown value
RCX=0x0000000000000001 is an unknown value
RDX=0x0000000000000000 is an unknown value
RSP=0x00000020087fe9c0 is an unknown value
RBP=0x0000000000000000 is an unknown value
RSI=0x0000014c62936da0 is an unknown value
RDI=0x0000014c5d4cc320 is an unknown value
R8 =0x0000014c62936ea0 is an unknown value
R9 =0x0000000000000000 is an unknown value
R10=0x0000000000000000 is an unknown value
R11=0x0000000000000246 is an unknown value
R12=0x0000014c62936da0 is an unknown value
R13=0x0000000000000000 is an unknown value
R14=0x0000014c629372e8 is an unknown value
R15=0x0000014c6293bf00 is an unknown value


Stack: [0x0000002008700000,0x0000002008800000],  sp=0x00000020087fe9c0,  free space=1018k
Native frames: (J=compiled Java code, j=interpreted, Vv=VM code, C=native code)

VM_Operation (0x0000002007efe420): Exit, mode: safepoint, requested by thread 0x0000014c3f883800


---------------  P R O C E S S  ---------------

Java Threads: ( => current thread )
  0x0000014c7e021000 JavaThread "Thread-9" [_thread_blocked, id=13044, stack(0x0000002009f00000,0x000000200a000000)]
  0x0000014c5e9bf000 JavaThread "Thread-8" [_thread_blocked, id=2468, stack(0x0000002009e00000,0x0000002009f00000)]
  0x0000014c5d25d800 JavaThread "Keep-Alive-Timer" daemon [_thread_blocked, id=8684, stack(0x000000200a000000,0x000000200a100000)]
  0x0000014c6193a000 JavaThread "Java2D Disposer" daemon [_thread_blocked, id=12104, stack(0x0000002009400000,0x0000002009500000)]
  0x0000014c5f2fc000 JavaThread "Timer hack thread" daemon [_thread_blocked, id=8652, stack(0x0000002009300000,0x0000002009400000)]
  0x0000014c5d7db800 JavaThread "Snooper Timer" daemon [_thread_blocked, id=6540, stack(0x0000002009200000,0x0000002009300000)]
  0x0000014c5a45e800 JavaThread "Service Thread" daemon [_thread_blocked, id=20036, stack(0x0000002009000000,0x0000002009100000)]
  0x0000014c5a40a000 JavaThread "C1 CompilerThread3" daemon [_thread_blocked, id=16048, stack(0x0000002008f00000,0x0000002009000000)]
  0x0000014c5a3f9800 JavaThread "C2 CompilerThread2" daemon [_thread_blocked, id=19540, stack(0x0000002008e00000,0x0000002008f00000)]
  0x0000014c5a3f4800 JavaThread "C2 CompilerThread1" daemon [_thread_blocked, id=17364, stack(0x0000002008d00000,0x0000002008e00000)]
  0x0000014c5a3ef800 JavaThread "C2 CompilerThread0" daemon [_thread_blocked, id=17948, stack(0x0000002008c00000,0x0000002008d00000)]
  0x0000014c5a3ec800 JavaThread "Attach Listener" daemon [_thread_blocked, id=17864, stack(0x0000002008b00000,0x0000002008c00000)]
  0x0000014c5a3e6800 JavaThread "Signal Dispatcher" daemon [_thread_blocked, id=13128, stack(0x0000002008a00000,0x0000002008b00000)]
  0x0000014c5a3c2000 JavaThread "Finalizer" daemon [_thread_blocked, id=20032, stack(0x0000002008900000,0x0000002008a00000)]
  0x0000014c5a3bb800 JavaThread "Reference Handler" daemon [_thread_blocked, id=15972, stack(0x0000002008800000,0x0000002008900000)]
  0x0000014c3f883800 JavaThread "Client thread" [_thread_blocked, id=5224, stack(0x0000002007e00000,0x0000002007f00000)]

Other Threads:
=>0x0000014c5a393800 VMThread [stack: 0x0000002008700000,0x0000002008800000] [id=14036]

VM state:at safepoint (shutting down)

VM Mutex/Monitor currently owned by a thread:  ([mutex/lock_event])
[0x0000014c3f8802f0] Threads_lock - owner thread: 0x0000014c5a393800

heap address: 0x00000006c3e00000, size: 4034 MB, Compressed Oops mode: Zero based, Oop shift amount: 3
Narrow klass base: 0x0000000000000000, Narrow klass shift: 3
Compressed class space size: 1073741824 Address: 0x00000007c0000000

Heap:
 PSYoungGen      total 352768K, used 94169K [0x000000076bf80000, 0x0000000785a80000, 0x00000007c0000000)
  eden space 296960K, 29% used [0x000000076bf80000,0x0000000771576838,0x000000077e180000)
  from space 55808K, 11% used [0x0000000782400000,0x00000007829fff20,0x0000000785a80000)
  to   space 61952K, 0% used [0x000000077e180000,0x000000077e180000,0x0000000781e00000)
 ParOldGen       total 251392K, used 109241K [0x00000006c3e00000, 0x00000006d3380000, 0x000000076bf80000)
  object space 251392K, 43% used [0x00000006c3e00000,0x00000006ca8ae418,0x00000006d3380000)
 Metaspace       used 29533K, capacity 29777K, committed 30080K, reserved 1075200K
  class space    used 3631K, capacity 3699K, committed 3712K, reserved 1048576K

Card table byte_map: [0x0000014c505d0000,0x0000014c50dc0000] byte_map_base: 0x0000014c4cfb1000

Marking Bits: (ParMarkBitMap*) 0x0000000053827fe0
 Begin Bits: [0x0000014c51310000, 0x0000014c55218000)
 End Bits:   [0x0000014c55218000, 0x0000014c59120000)

Polling page: 0x0000014c3fbc0000

CodeCache: size=245760Kb used=12550Kb max_used=12657Kb free=233209Kb
 bounds [0x0000014c41210000, 0x0000014c41e90000, 0x0000014c50210000]
 total_blobs=4068 nmethods=3402 adapters=577
 compilation: enabled

Compilation events (10 events):
Event: 26.658 Thread 0x0000014c5a40a000 4253       1       java.util.Formatter::access$300 (5 bytes)
Event: 26.658 Thread 0x0000014c5a40a000 nmethod 4253 0x0000014c41e43d50 code [0x0000014c41e43ea0, 0x0000014c41e43f98]
Event: 26.660 Thread 0x0000014c5a40a000 4254       3       com.google.common.collect.AbstractMapBasedMultimap$WrappedCollection$WrappedIterator::hasNext (14 bytes)
Event: 26.660 Thread 0x0000014c5a40a000 nmethod 4254 0x0000014c41654350 code [0x0000014c416544e0, 0x0000014c41654930]
Event: 26.661 Thread 0x0000014c5a40a000 4255   !   3       org.apache.logging.log4j.core.config.LoggerConfig::log (175 bytes)
Event: 26.662 Thread 0x0000014c5a40a000 nmethod 4255 0x0000014c41b8b390 code [0x0000014c41b8b5c0, 0x0000014c41b8c980]
Event: 26.670 Thread 0x0000014c5a40a000 4256  s    3       java.util.Hashtable::containsKey (65 bytes)
Event: 26.670 Thread 0x0000014c5a40a000 nmethod 4256 0x0000014c41a8bed0 code [0x0000014c41a8c060, 0x0000014c41a8c6a0]
Event: 26.673 Thread 0x0000014c5a40a000 4257       3       org.apache.logging.log4j.core.helpers.NameUtil::getSubName (32 bytes)
Event: 26.673 Thread 0x0000014c5a40a000 nmethod 4257 0x0000014c4193e910 code [0x0000014c4193eaa0, 0x0000014c4193f040]

GC Heap History (10 events):
Event: 20.138 GC heap before
{Heap before GC invocations=15 (full 2):
 PSYoungGen      total 192512K, used 192494K [0x000000076bf80000, 0x000000077c580000, 0x00000007c0000000)
  eden space 157184K, 100% used [0x000000076bf80000,0x0000000775900000,0x0000000775900000)
  from space 35328K, 99% used [0x0000000778700000,0x000000077a97b8c8,0x000000077a980000)
  to   space 47104K, 0% used [0x0000000775900000,0x0000000775900000,0x0000000778700000)
 ParOldGen       total 128000K, used 77308K [0x00000006c3e00000, 0x00000006cbb00000, 0x000000076bf80000)
  object space 128000K, 60% used [0x00000006c3e00000,0x00000006c897f3c0,0x00000006cbb00000)
 Metaspace       used 24742K, capacity 24937K, committed 25216K, reserved 1071104K
  class space    used 3049K, capacity 3113K, committed 3200K, reserved 1048576K
Event: 20.168 GC heap after
Heap after GC invocations=15 (full 2):
 PSYoungGen      total 204288K, used 47087K [0x000000076bf80000, 0x0000000780c80000, 0x00000007c0000000)
  eden space 157184K, 0% used [0x000000076bf80000,0x000000076bf80000,0x0000000775900000)
  from space 47104K, 99% used [0x0000000775900000,0x00000007786fbec0,0x0000000778700000)
  to   space 60928K, 0% used [0x000000077d100000,0x000000077d100000,0x0000000780c80000)
 ParOldGen       total 128000K, used 93291K [0x00000006c3e00000, 0x00000006cbb00000, 0x000000076bf80000)
  object space 128000K, 72% used [0x00000006c3e00000,0x00000006c991acf8,0x00000006cbb00000)
 Metaspace       used 24742K, capacity 24937K, committed 25216K, reserved 1071104K
  class space    used 3049K, capacity 3113K, committed 3200K, reserved 1048576K
}
Event: 21.320 GC heap before
{Heap before GC invocations=16 (full 2):
 PSYoungGen      total 204288K, used 204271K [0x000000076bf80000, 0x0000000780c80000, 0x00000007c0000000)
  eden space 157184K, 100% used [0x000000076bf80000,0x0000000775900000,0x0000000775900000)
  from space 47104K, 99% used [0x0000000775900000,0x00000007786fbec0,0x0000000778700000)
  to   space 60928K, 0% used [0x000000077d100000,0x000000077d100000,0x0000000780c80000)
 ParOldGen       total 128000K, used 93291K [0x00000006c3e00000, 0x00000006cbb00000, 0x000000076bf80000)
  object space 128000K, 72% used [0x00000006c3e00000,0x00000006c991acf8,0x00000006cbb00000)
 Metaspace       used 25080K, capacity 25353K, committed 25856K, reserved 1071104K
  class space    used 3098K, capacity 3209K, committed 3328K, reserved 1048576K
Event: 21.363 GC heap after
Heap after GC invocations=16 (full 2):
 PSYoungGen      total 276992K, used 41586K [0x000000076bf80000, 0x0000000781780000, 0x00000007c0000000)
  eden space 216064K, 0% used [0x000000076bf80000,0x000000076bf80000,0x0000000779280000)
  from space 60928K, 68% used [0x000000077d100000,0x000000077f99c840,0x0000000780c80000)
  to   space 64000K, 0% used [0x0000000779280000,0x0000000779280000,0x000000077d100000)
 ParOldGen       total 128000K, used 114987K [0x00000006c3e00000, 0x00000006cbb00000, 0x000000076bf80000)
  object space 128000K, 89% used [0x00000006c3e00000,0x00000006cae4ae70,0x00000006cbb00000)
 Metaspace       used 25080K, capacity 25353K, committed 25856K, reserved 1071104K
  class space    used 3098K, capacity 3209K, committed 3328K, reserved 1048576K
}
Event: 21.363 GC heap before
{Heap before GC invocations=17 (full 3):
 PSYoungGen      total 276992K, used 41586K [0x000000076bf80000, 0x0000000781780000, 0x00000007c0000000)
  eden space 216064K, 0% used [0x000000076bf80000,0x000000076bf80000,0x0000000779280000)
  from space 60928K, 68% used [0x000000077d100000,0x000000077f99c840,0x0000000780c80000)
  to   space 64000K, 0% used [0x0000000779280000,0x0000000779280000,0x000000077d100000)
 ParOldGen       total 128000K, used 114987K [0x00000006c3e00000, 0x00000006cbb00000, 0x000000076bf80000)
  object space 128000K, 89% used [0x00000006c3e00000,0x00000006cae4ae70,0x00000006cbb00000)
 Metaspace       used 25080K, capacity 25353K, committed 25856K, reserved 1071104K
  class space    used 3098K, capacity 3209K, committed 3328K, reserved 1048576K
Event: 21.465 GC heap after
Heap after GC invocations=17 (full 3):
 PSYoungGen      total 276992K, used 0K [0x000000076bf80000, 0x0000000781780000, 0x00000007c0000000)
  eden space 216064K, 0% used [0x000000076bf80000,0x000000076bf80000,0x0000000779280000)
  from space 60928K, 0% used [0x000000077d100000,0x000000077d100000,0x0000000780c80000)
  to   space 64000K, 0% used [0x0000000779280000,0x0000000779280000,0x000000077d100000)
 ParOldGen       total 251392K, used 104638K [0x00000006c3e00000, 0x00000006d3380000, 0x000000076bf80000)
  object space 251392K, 41% used [0x00000006c3e00000,0x00000006ca42f960,0x00000006d3380000)
 Metaspace       used 25080K, capacity 25353K, committed 25856K, reserved 1071104K
  class space    used 3098K, capacity 3209K, committed 3328K, reserved 1048576K
}
Event: 24.335 GC heap before
{Heap before GC invocations=18 (full 3):
 PSYoungGen      total 276992K, used 216064K [0x000000076bf80000, 0x0000000781780000, 0x00000007c0000000)
  eden space 216064K, 100% used [0x000000076bf80000,0x0000000779280000,0x0000000779280000)
  from space 60928K, 0% used [0x000000077d100000,0x000000077d100000,0x0000000780c80000)
  to   space 64000K, 0% used [0x0000000779280000,0x0000000779280000,0x000000077d100000)
 ParOldGen       total 251392K, used 104638K [0x00000006c3e00000, 0x00000006d3380000, 0x000000076bf80000)
  object space 251392K, 41% used [0x00000006c3e00000,0x00000006ca42f960,0x00000006d3380000)
 Metaspace       used 27816K, capacity 28049K, committed 28416K, reserved 1075200K
  class space    used 3430K, capacity 3507K, committed 3584K, reserved 1048576K
Event: 24.341 GC heap after
Heap after GC invocations=18 (full 3):
 PSYoungGen      total 280064K, used 7769K [0x000000076bf80000, 0x0000000786180000, 0x00000007c0000000)
  eden space 216064K, 0% used [0x000000076bf80000,0x000000076bf80000,0x0000000779280000)
  from space 64000K, 12% used [0x0000000779280000,0x0000000779a166a0,0x000000077d100000)
  to   space 62976K, 0% used [0x0000000782400000,0x0000000782400000,0x0000000786180000)
 ParOldGen       total 251392K, used 104646K [0x00000006c3e00000, 0x00000006d3380000, 0x000000076bf80000)
  object space 251392K, 41% used [0x00000006c3e00000,0x00000006ca431960,0x00000006d3380000)
 Metaspace       used 27816K, capacity 28049K, committed 28416K, reserved 1075200K
  class space    used 3430K, capacity 3507K, committed 3584K, reserved 1048576K
}
Event: 25.591 GC heap before
{Heap before GC invocations=19 (full 3):
 PSYoungGen      total 280064K, used 223833K [0x000000076bf80000, 0x0000000786180000, 0x00000007c0000000)
  eden space 216064K, 100% used [0x000000076bf80000,0x0000000779280000,0x0000000779280000)
  from space 64000K, 12% used [0x0000000779280000,0x0000000779a166a0,0x000000077d100000)
  to   space 62976K, 0% used [0x0000000782400000,0x0000000782400000,0x0000000786180000)
 ParOldGen       total 251392K, used 104646K [0x00000006c3e00000, 0x00000006d3380000, 0x000000076bf80000)
  object space 251392K, 41% used [0x00000006c3e00000,0x00000006ca431960,0x00000006d3380000)
 Metaspace       used 29259K, capacity 29521K, committed 29824K, reserved 1075200K
  class space    used 3604K, capacity 3699K, committed 3712K, reserved 1048576K
Event: 25.600 GC heap after
Heap after GC invocations=19 (full 3):
 PSYoungGen      total 352768K, used 6143K [0x000000076bf80000, 0x0000000785a80000, 0x00000007c0000000)
  eden space 296960K, 0% used [0x000000076bf80000,0x000000076bf80000,0x000000077e180000)
  from space 55808K, 11% used [0x0000000782400000,0x00000007829fff20,0x0000000785a80000)
  to   space 61952K, 0% used [0x000000077e180000,0x000000077e180000,0x0000000781e00000)
 ParOldGen       total 251392K, used 109241K [0x00000006c3e00000, 0x00000006d3380000, 0x000000076bf80000)
  object space 251392K, 43% used [0x00000006c3e00000,0x00000006ca8ae418,0x00000006d3380000)
 Metaspace       used 29259K, capacity 29521K, committed 29824K, reserved 1075200K
  class space    used 3604K, capacity 3699K, committed 3712K, reserved 1048576K
}

Deoptimization events (10 events):
Event: 25.182 Thread 0x0000014c3f883800 Uncommon trap: reason=intrinsic action=make_not_entrant pc=0x0000014c41dc8238 method=net.minecraft.client.renderer.texture.TextureUtil.func_147944_a(IIIII)I @ 107
Event: 25.191 Thread 0x0000014c3f883800 Uncommon trap: reason=intrinsic action=make_not_entrant pc=0x0000014c41dd23c4 method=net.minecraft.client.renderer.texture.TextureUtil.func_147944_a(IIIII)I @ 107
Event: 25.223 Thread 0x0000014c3f883800 Uncommon trap: reason=intrinsic action=make_not_entrant pc=0x0000014c41dde538 method=net.minecraft.client.renderer.texture.TextureUtil.func_147943_a(IIIIZ)I @ 317
Event: 25.238 Thread 0x0000014c3f883800 Uncommon trap: reason=intrinsic action=make_not_entrant pc=0x0000014c41ddc45c method=net.minecraft.client.renderer.texture.TextureUtil.func_147943_a(IIIIZ)I @ 333
Event: 25.261 Thread 0x0000014c3f883800 Uncommon trap: reason=intrinsic action=make_not_entrant pc=0x0000014c41de09d0 method=net.minecraft.client.renderer.texture.TextureUtil.func_147943_a(IIIIZ)I @ 179
Event: 25.303 Thread 0x0000014c3f883800 Uncommon trap: reason=intrinsic action=make_not_entrant pc=0x0000014c41de8684 method=net.minecraft.client.renderer.texture.TextureUtil.func_147943_a(IIIIZ)I @ 238
Event: 25.328 Thread 0x0000014c3f883800 Uncommon trap: reason=intrinsic action=make_not_entrant pc=0x0000014c41ded8a8 method=net.minecraft.client.renderer.texture.TextureUtil.func_147943_a(IIIIZ)I @ 209
Event: 25.585 Thread 0x0000014c3f883800 Uncommon trap: reason=unstable_if action=reinterpret pc=0x0000014c41dee404 method=net.minecraft.client.renderer.texture.TextureUtil.generateMipmapData(II[[I)[[I @ 14
Event: 26.653 Thread 0x0000014c3f883800 Uncommon trap: reason=unstable_if action=reinterpret pc=0x0000014c41a46c44 method=java.util.Hashtable$Enumerator.nextElement()Ljava/lang/Object; @ 71
Event: 26.667 Thread 0x0000014c3f883800 Uncommon trap: reason=unstable_if action=reinterpret pc=0x0000014c41865a18 method=cpw.mods.fml.relauncher.FMLSecurityManager.checkPermission(Ljava/security/Permission;)V @ 23

Classes redefined (0 events):
No events

Internal exceptions (10 events):
Event: 26.055 Thread 0x0000014c5e9bf000 Exception <a 'org/lwjgl/LWJGLException'> (0x000000076dc95cb0) thrown at [C:\jenkins\workspace\8-2-build-windows-amd64-cygwin\jdk8u301\1513\hotspot\src\share\vm\prims\jni.cpp, line 710]
Event: 26.055 Thread 0x0000014c5e9bf000 Exception <a 'org/lwjgl/LWJGLException'> (0x000000076dc96300) thrown at [C:\jenkins\workspace\8-2-build-windows-amd64-cygwin\jdk8u301\1513\hotspot\src\share\vm\prims\jni.cpp, line 710]
Event: 26.055 Thread 0x0000014c5e9bf000 Exception <a 'org/lwjgl/LWJGLException'> (0x000000076dc96860) thrown at [C:\jenkins\workspace\8-2-build-windows-amd64-cygwin\jdk8u301\1513\hotspot\src\share\vm\prims\jni.cpp, line 710]
Event: 26.055 Thread 0x0000014c5e9bf000 Exception <a 'org/lwjgl/LWJGLException'> (0x000000076dc96dc0) thrown at [C:\jenkins\workspace\8-2-build-windows-amd64-cygwin\jdk8u301\1513\hotspot\src\share\vm\prims\jni.cpp, line 710]
Event: 26.055 Thread 0x0000014c5e9bf000 Exception <a 'org/lwjgl/LWJGLException'> (0x000000076dc97348) thrown at [C:\jenkins\workspace\8-2-build-windows-amd64-cygwin\jdk8u301\1513\hotspot\src\share\vm\prims\jni.cpp, line 710]
Event: 26.056 Thread 0x0000014c5e9bf000 Exception <a 'org/lwjgl/LWJGLException'> (0x000000076dc97850) thrown at [C:\jenkins\workspace\8-2-build-windows-amd64-cygwin\jdk8u301\1513\hotspot\src\share\vm\prims\jni.cpp, line 710]
Event: 26.452 Thread 0x0000014c5e9bf000 Exception <a 'java/lang/InterruptedException': sleep interrupted> (0x000000076dc9c298) thrown at [C:\jenkins\workspace\8-2-build-windows-amd64-cygwin\jdk8u301\1513\hotspot\src\share\vm\prims\jvm.cpp, line 3357]
Event: 26.452 Thread 0x0000014c5e9bf000 Exception <a 'java/lang/InterruptedException': sleep interrupted> (0x000000076dc9c4f0) thrown at [C:\jenkins\workspace\8-2-build-windows-amd64-cygwin\jdk8u301\1513\hotspot\src\share\vm\prims\jvm.cpp, line 3357]
Event: 26.659 Thread 0x0000014c3f883800 Exception <a 'java/lang/NullPointerException'> (0x0000000770939db0) thrown at [C:\jenkins\workspace\8-2-build-windows-amd64-cygwin\jdk8u301\1513\hotspot\src\share\vm\interpreter\linkResolver.cpp, line 1185]
Event: 26.671 Thread 0x0000014c6eebd800 Exception <a 'org/lwjgl/LWJGLException': Failed to set device gamma.> (0x0000000771198b28) thrown at [C:\jenkins\workspace\8-2-build-windows-amd64-cygwin\jdk8u301\1513\hotspot\src\share\vm\prims\jni.cpp, line 737]

Events (10 events):
Event: 26.671 loading class javax/servlet/ServletContext
Event: 26.671 loading class javax/servlet/ServletContext done
Event: 26.671 Thread 0x0000014c6eebd800 Thread exited: 0x0000014c6eebd800
Event: 26.673 Thread 0x0000014c60456800 Thread exited: 0x0000014c60456800
Event: 26.673 loading class javax/servlet/ServletContext
Event: 26.673 loading class javax/servlet/ServletContext done
Event: 26.673 loading class java/io/RandomAccessFile$1
Event: 26.673 loading class java/io/RandomAccessFile$1 done
Event: 26.674 Thread 0x0000014c7e090800 Thread exited: 0x0000014c7e090800
Event: 26.675 Executing VM operation: Exit


Dynamic libraries:
0x00007ff7a2f80000 - 0x00007ff7a2fc7000 	C:\Program Files\Java\jdk1.8.0_301\bin\java.exe
0x00007ffaf30d0000 - 0x00007ffaf32c7000 	C:\WINDOWS\SYSTEM32\ntdll.dll
0x00007ffaf2df0000 - 0x00007ffaf2ead000 	C:\WINDOWS\System32\KERNEL32.DLL
0x00007ffaf0da0000 - 0x00007ffaf106d000 	C:\WINDOWS\System32\KERNELBASE.dll
0x00007ffaf2bb0000 - 0x00007ffaf2c5e000 	C:\WINDOWS\System32\ADVAPI32.dll
0x00007ffaf20b0000 - 0x00007ffaf214e000 	C:\WINDOWS\System32\msvcrt.dll
0x00007ffaf1210000 - 0x00007ffaf12ac000 	C:\WINDOWS\System32\sechost.dll
0x00007ffaf25c0000 - 0x00007ffaf26e5000 	C:\WINDOWS\System32\RPCRT4.dll
0x00007ffaf1b70000 - 0x00007ffaf1d10000 	C:\WINDOWS\System32\USER32.dll
0x00007ffaf1070000 - 0x00007ffaf1092000 	C:\WINDOWS\System32\win32u.dll
0x00007ffaf1b40000 - 0x00007ffaf1b6a000 	C:\WINDOWS\System32\GDI32.dll
0x00007ffaf0b40000 - 0x00007ffaf0c4b000 	C:\WINDOWS\System32\gdi32full.dll
0x00007ffaf0c50000 - 0x00007ffaf0ced000 	C:\WINDOWS\System32\msvcp_win.dll
0x00007ffaf09a0000 - 0x00007ffaf0aa0000 	C:\WINDOWS\System32\ucrtbase.dll
0x00007ffad5260000 - 0x00007ffad54fa000 	C:\WINDOWS\WinSxS\amd64_microsoft.windows.common-controls_6595b64144ccf1df_6.0.19041.1110_none_60b5254171f9507e\COMCTL32.dll
0x00007ffaf2cf0000 - 0x00007ffaf2d20000 	C:\WINDOWS\System32\IMM32.DLL
0x00007ffacfa80000 - 0x00007ffacfa95000 	C:\Program Files\Java\jdk1.8.0_301\jre\bin\vcruntime140.dll
0x00007ffaab8e0000 - 0x00007ffaab97b000 	C:\Program Files\Java\jdk1.8.0_301\jre\bin\msvcp140.dll
0x0000000053040000 - 0x00000000538a0000 	C:\Program Files\Java\jdk1.8.0_301\jre\bin\server\jvm.dll
0x00007ffaf12b0000 - 0x00007ffaf12b8000 	C:\WINDOWS\System32\PSAPI.DLL
0x00007ffae65c0000 - 0x00007ffae65ca000 	C:\WINDOWS\SYSTEM32\VERSION.dll
0x00007ffae7390000 - 0x00007ffae7399000 	C:\WINDOWS\SYSTEM32\WSOCK32.dll
0x00007ffad2780000 - 0x00007ffad27a7000 	C:\WINDOWS\SYSTEM32\WINMM.dll
0x00007ffaf1d10000 - 0x00007ffaf1d7b000 	C:\WINDOWS\System32\WS2_32.dll
0x00007ffaef080000 - 0x00007ffaef092000 	C:\WINDOWS\SYSTEM32\kernel.appcore.dll
0x00007ffacf940000 - 0x00007ffacf950000 	C:\Program Files\Java\jdk1.8.0_301\jre\bin\verify.dll
0x00007ffacf3a0000 - 0x00007ffacf3cb000 	C:\Program Files\Java\jdk1.8.0_301\jre\bin\java.dll
0x00007ffacf340000 - 0x00007ffacf358000 	C:\Program Files\Java\jdk1.8.0_301\jre\bin\zip.dll
0x00007ffaf1340000 - 0x00007ffaf1a84000 	C:\WINDOWS\System32\SHELL32.dll
0x00007ffaee5e0000 - 0x00007ffaeed74000 	C:\WINDOWS\SYSTEM32\windows.storage.dll
0x00007ffaf2760000 - 0x00007ffaf2ab4000 	C:\WINDOWS\System32\combase.dll
0x00007ffaf0250000 - 0x00007ffaf027c000 	C:\WINDOWS\SYSTEM32\Wldp.dll
0x00007ffaf2eb0000 - 0x00007ffaf2f5d000 	C:\WINDOWS\System32\SHCORE.dll
0x00007ffaf2700000 - 0x00007ffaf2755000 	C:\WINDOWS\System32\shlwapi.dll
0x00007ffaf0730000 - 0x00007ffaf074f000 	C:\WINDOWS\SYSTEM32\profapi.dll
0x00007ffacf790000 - 0x00007ffacf79d000 	C:\Program Files\Java\jdk1.8.0_301\jre\bin\management.dll
0x00007ffacf040000 - 0x00007ffacf05c000 	C:\Program Files\Java\jdk1.8.0_301\jre\bin\net.dll
0x00007ffaeffb0000 - 0x00007ffaf001a000 	C:\WINDOWS\system32\mswsock.dll
0x00007ffacf020000 - 0x00007ffacf033000 	C:\Program Files\Java\jdk1.8.0_301\jre\bin\nio.dll
0x00007ffad4c90000 - 0x00007ffad4ca7000 	C:\WINDOWS\system32\napinsp.dll
0x00007ffad4b60000 - 0x00007ffad4b7b000 	C:\WINDOWS\system32\pnrpnsp.dll
0x00007ffad32a0000 - 0x00007ffad32b5000 	C:\WINDOWS\system32\wshbth.dll
0x00007ffae8060000 - 0x00007ffae807d000 	C:\WINDOWS\system32\NLAapi.dll
0x00007ffaefc50000 - 0x00007ffaefc8b000 	C:\WINDOWS\SYSTEM32\IPHLPAPI.DLL
0x00007ffaefca0000 - 0x00007ffaefd6b000 	C:\WINDOWS\SYSTEM32\DNSAPI.dll
0x00007ffaf26f0000 - 0x00007ffaf26f8000 	C:\WINDOWS\System32\NSI.dll
0x00007ffad14c0000 - 0x00007ffad14d2000 	C:\WINDOWS\System32\winrnr.dll
0x00007ffae60a0000 - 0x00007ffae60aa000 	C:\Windows\System32\rasadhlp.dll
0x00007ffae58c0000 - 0x00007ffae5940000 	C:\WINDOWS\System32\fwpuclnt.dll
0x00007ffaf0b10000 - 0x00007ffaf0b37000 	C:\WINDOWS\System32\bcrypt.dll
0x0000000180000000 - 0x0000000180051000 	C:\Users\aryak\.gradle\caches\minecraft\net\minecraft\minecraft_natives\1.7.10\lwjgl64.dll
0x00007ffaa3770000 - 0x00007ffaa3b23000 	C:\Program Files\Java\jdk1.8.0_301\bin\OPENGL32.dll
0x00007ffaf2f60000 - 0x00007ffaf308a000 	C:\WINDOWS\System32\ole32.dll
0x00007ffad2dc0000 - 0x00007ffad3296000 	C:\WINDOWS\SYSTEM32\WININET.dll
0x00007ffaf01a0000 - 0x00007ffaf01b8000 	C:\WINDOWS\SYSTEM32\CRYPTSP.dll
0x00007ffaef8c0000 - 0x00007ffaef8f4000 	C:\WINDOWS\system32\rsaenh.dll
0x00007ffaf06b0000 - 0x00007ffaf06de000 	C:\WINDOWS\SYSTEM32\USERENV.dll
0x00007ffaf10a0000 - 0x00007ffaf1122000 	C:\WINDOWS\System32\bcryptprimitives.dll
0x00007ffaf01c0000 - 0x00007ffaf01cc000 	C:\WINDOWS\SYSTEM32\CRYPTBASE.dll
0x00007ffae6810000 - 0x00007ffae6827000 	C:\WINDOWS\SYSTEM32\dhcpcsvc6.DLL
0x00007ffae6660000 - 0x00007ffae667d000 	C:\WINDOWS\SYSTEM32\dhcpcsvc.DLL
0x00007ffaa35d0000 - 0x00007ffaa3765000 	C:\Program Files\Java\jdk1.8.0_301\jre\bin\awt.dll
0x0000014c60c70000 - 0x0000014c60d3d000 	C:\WINDOWS\System32\OLEAUT32.dll
0x00007ffaea110000 - 0x00007ffaea1a0000 	C:\WINDOWS\SYSTEM32\apphelp.dll
0x00007ffae77b0000 - 0x00007ffae785e000 	C:\WINDOWS\SYSTEM32\mscms.dll
0x00007ffae76a0000 - 0x00007ffae76b1000 	C:\WINDOWS\SYSTEM32\ColorAdapterClient.dll
0x00007ffaea250000 - 0x00007ffaea2ee000 	C:\WINDOWS\system32\uxtheme.dll
0x00007ffaf1de0000 - 0x00007ffaf1ef5000 	C:\WINDOWS\System32\MSCTF.dll
0x00007ffabbf30000 - 0x00007ffabc056000 	C:\WINDOWS\system32\opengl32.dll
0x00007ffabc2d0000 - 0x00007ffabc2fc000 	C:\WINDOWS\SYSTEM32\GLU32.dll
0x00007ffaf1a90000 - 0x00007ffaf1b39000 	C:\WINDOWS\System32\clbcatq.dll
0x00007ffaa1ca0000 - 0x00007ffaa2c73000 	C:\WINDOWS\System32\DriverStore\FileRepository\iigd_dch.inf_amd64_bdd36875e9c5d396\igxelpicd64.dll
0x00007ffaee210000 - 0x00007ffaee23f000 	C:\WINDOWS\system32\dwmapi.dll
0x00007ffaef0f0000 - 0x00007ffaef1e3000 	C:\WINDOWS\system32\dxgi.dll
0x00007ffaa1810000 - 0x00007ffaa1c97000 	C:\WINDOWS\System32\DriverStore\FileRepository\iigd_dch.inf_amd64_bdd36875e9c5d396\igdml64.dll
0x00007ffae0f40000 - 0x00007ffae1301000 	C:\WINDOWS\System32\DriverStore\FileRepository\iigd_dch.inf_amd64_bdd36875e9c5d396\igdgmm64.dll
0x00007ffac9cd0000 - 0x00007ffac9dc9000 	C:\WINDOWS\SYSTEM32\textinputframework.dll
0x00007ffae9ed0000 - 0x00007ffae9fc2000 	C:\WINDOWS\System32\CoreMessaging.dll
0x00007ffae9a90000 - 0x00007ffae9dee000 	C:\WINDOWS\System32\CoreUIComponents.dll
0x00007ffaef4f0000 - 0x00007ffaef523000 	C:\WINDOWS\SYSTEM32\ntmarta.dll
0x00007ffae8730000 - 0x00007ffae8884000 	C:\WINDOWS\SYSTEM32\wintypes.dll
0x00007ffabb7d0000 - 0x00007ffabb836000 	C:\WINDOWS\system32\Oleacc.dll
0x00007ffacea70000 - 0x00007ffaceab3000 	C:\WINDOWS\SYSTEM32\icm32.dll
0x00007ffaddd00000 - 0x00007ffae0f06000 	C:\WINDOWS\System32\DriverStore\FileRepository\iigd_dch.inf_amd64_bdd36875e9c5d396\igc64.dll
0x00007ffaefdc0000 - 0x00007ffaefe0b000 	C:\WINDOWS\SYSTEM32\powrprof.dll
0x00007ffaefc30000 - 0x00007ffaefc42000 	C:\WINDOWS\SYSTEM32\UMPDC.dll
0x00007ffad4db0000 - 0x00007ffad5061000 	C:\WINDOWS\SYSTEM32\iertutil.dll
0x00007ffaf06e0000 - 0x00007ffaf0712000 	C:\WINDOWS\SYSTEM32\SspiCli.dll
0x00007ffabb8b0000 - 0x00007ffabb8c7000 	C:\WINDOWS\SYSTEM32\ondemandconnroutehelper.dll
0x00007ffae7cc0000 - 0x00007ffae7dca000 	C:\WINDOWS\SYSTEM32\winhttp.dll
0x00007ffae7dd0000 - 0x00007ffae7ddb000 	C:\WINDOWS\SYSTEM32\WINNSI.DLL
0x00007ffad5070000 - 0x00007ffad525c000 	C:\WINDOWS\SYSTEM32\urlmon.dll
0x00007ffaefc90000 - 0x00007ffaefc9c000 	C:\WINDOWS\SYSTEM32\netutils.dll
0x00007ffad9320000 - 0x00007ffad9348000 	C:\WINDOWS\SYSTEM32\srvcli.dll
0x00007ffaef7e0000 - 0x00007ffaef878000 	C:\WINDOWS\system32\schannel.DLL
0x00007ffad9350000 - 0x00007ffad9365000 	C:\WINDOWS\SYSTEM32\mskeyprotect.dll
0x00007ffaf0280000 - 0x00007ffaf02bb000 	C:\WINDOWS\SYSTEM32\NTASN1.dll
0x00007ffaf07f0000 - 0x00007ffaf0946000 	C:\WINDOWS\System32\CRYPT32.dll
0x00007ffaf03e0000 - 0x00007ffaf03f2000 	C:\WINDOWS\SYSTEM32\MSASN1.dll
0x00007ffaf05f0000 - 0x00007ffaf05fa000 	C:\WINDOWS\SYSTEM32\DPAPI.DLL
0x00007ffaf0aa0000 - 0x00007ffaf0b07000 	C:\WINDOWS\System32\WINTRUST.dll
0x00007ffadc4d0000 - 0x00007ffadc501000 	C:\Windows\System32\cryptnet.dll
0x00007ffad4b80000 - 0x00007ffad4c18000 	C:\WINDOWS\SYSTEM32\webio.dll
0x00007ffaf02c0000 - 0x00007ffaf02e7000 	C:\WINDOWS\SYSTEM32\ncrypt.dll
0x00007ffad9400000 - 0x00007ffad9426000 	C:\WINDOWS\system32\ncryptsslp.dll
0x0000000070a40000 - 0x0000000070adc000 	C:\Users\aryak\.gradle\caches\minecraft\net\minecraft\minecraft_natives\1.7.10\avutil-ttv-51.dll
0x0000000065980000 - 0x00000000659d6000 	C:\Users\aryak\.gradle\caches\minecraft\net\minecraft\minecraft_natives\1.7.10\swresample-ttv-0.dll
0x000000006eb80000 - 0x000000006ec50000 	C:\Users\aryak\.gradle\caches\minecraft\net\minecraft\minecraft_natives\1.7.10\libmp3lame-ttv.dll
0x00007ffa86630000 - 0x00007ffa879d4000 	C:\Users\aryak\.gradle\caches\minecraft\net\minecraft\minecraft_natives\1.7.10\libmfxsw64.dll
0x00007ffaa34a0000 - 0x00007ffaa35cb000 	C:\Users\aryak\.gradle\caches\minecraft\net\minecraft\minecraft_natives\1.7.10\twitchsdk.dll
0x0000014c63bf0000 - 0x0000014c63c54000 	C:\Users\aryak\.gradle\caches\minecraft\net\minecraft\minecraft_natives\1.7.10\OpenAL64.dll
0x00007ffae65d0000 - 0x00007ffae6655000 	C:\WINDOWS\System32\MMDevApi.dll
0x00007ffaf05a0000 - 0x00007ffaf05cc000 	C:\WINDOWS\System32\DEVOBJ.dll
0x00007ffaf0950000 - 0x00007ffaf099e000 	C:\WINDOWS\System32\cfgmgr32.dll
0x00007ffab9f20000 - 0x00007ffab9fbc000 	C:\WINDOWS\SYSTEM32\dsound.dll
0x00007ffad32c0000 - 0x00007ffad32e6000 	C:\WINDOWS\SYSTEM32\winmmbase.dll
0x00007ffae6680000 - 0x00007ffae6802000 	C:\WINDOWS\SYSTEM32\AUDIOSES.DLL
0x00007ffaedf20000 - 0x00007ffaedf34000 	C:\WINDOWS\SYSTEM32\resourcepolicyclient.dll
0x00007ffaeed80000 - 0x00007ffaeef64000 	C:\WINDOWS\SYSTEM32\dbghelp.dll

VM Arguments:
jvm_args: -Dfile.encoding=windows-1252 -Duser.country=US -Duser.language=en -Duser.variant 
java_command: GradleStart
java_class_path (initial): C:\Users\aryak\.gradle\caches\minecraft\net\minecraftforge\forge\1.7.10-10.13.4.1614-1.7.10\start;C:\Users\aryak\.gradle\caches\minecraft\net\minecraftforge\forge\1.7.10-10.13.4.1614-1.7.10\forgeSrc-1.7.10-10.13.4.1614-1.7.10.jar;C:\Users\aryak\.gradle\caches\modules-2\files-2.1\net.minecraft\launchwrapper\1.12\111e7bea9c968cdb3d06ef4632bf7ff0824d0f36\launchwrapper-1.12.jar;C:\Users\aryak\.gradle\caches\modules-2\files-2.1\com.google.code.findbugs\jsr305\1.3.9\40719ea6961c0cb6afaeb6a921eaa1f6afd4cfdf\jsr305-1.3.9.jar;C:\Users\aryak\.gradle\caches\modules-2\files-2.1\org.ow2.asm\asm-debug-all\5.0.3\f9e364ae2a66ce2a543012a4668856e84e5dab74\asm-debug-all-5.0.3.jar;C:\Users\aryak\.gradle\caches\modules-2\files-2.1\com.typesafe.akka\akka-actor_2.11\2.3.3\ed62e9fc709ca0f2ff1a3220daa8b70a2870078e\akka-actor_2.11-2.3.3.jar;C:\Users\aryak\.gradle\caches\modules-2\files-2.1\com.typesafe\config\1.2.1\f771f71fdae3df231bcd54d5ca2d57f0bf93f467\config-1.2.1.jar;C:\Users\aryak\.gradle\caches\modules-2\files-2.1\org.scala-lang\scala-actors-migration_2.11\1.1.0\dfa8bc42b181d5b9f1a5dd147f8ae308b893eb6f\scala-actors-migration_2.11-1.1.0.jar;C:\Users\aryak\.gradle\caches\modules-2\files-2.1\org.scala-lang.plugins\scala-continuations-plugin_2.11.1\1.0.2\f361a3283452c57fa30c1ee69448995de23c60f7\scala-continuations-plugin_2.11.1-1.0.2.jar;C:\Users\aryak\.gradle\caches\modules-2\files-2.1\org.scala-lang\scala-compiler\2.11.1\56ea2e6c025e0821f28d73ca271218b8dd04926a\scala-compiler-2.11.1.jar;C:\Users\aryak\.gradle\caches\modules-2\files-2.1\org.scala-lang.plugins\scala-continuations-library_2.11\1.0.2\e517c53a7e9acd6b1668c5a35eccbaa3bab9aac\scala-continuations-library_2.11-1.0.2.jar;C:\Users\aryak\.gradle\caches\modules-2\files-2.1\org.scala-lang\scala-reflect\2.11.1\6580347e61cc7f8e802941e7fde40fa83b8badeb\scala-reflect-2.11.1.jar;C:\Users\aryak\.gradle\caches\modules-2\files-2.1\org.scala-lang\scala-actors\2.11.0\8ccfb6541de179bb1c4d45cf414acee069b7f78b\scala-a
Launcher Type: SUN_STANDARD

Environment Variables:
JAVA_HOME=C:\Program Files\Java\jdk1.8.0_301
PATH=C:\Program Files\Eclipse Foundation\jdk-16.0.2.7-hotspot\bin;C:\Program Files\Zulu\zulu-17\bin\;C:\Program Files (x86)\Common Files\Intel\Shared Libraries\redist\intel64\compiler;C:\Program Files (x86)\Common Files\Oracle\Java\javapath;C:\WINDOWS\system32;C:\WINDOWS;C:\WINDOWS\System32\Wbem;C:\WINDOWS\System32\WindowsPowerShell\v1.0\;C:\WINDOWS\System32\OpenSSH\;C:\ProgramData\chocolatey\bin;C:\ProgramData\chocolatey\lib\mpv.install\tools;C:\Program Files\Git\cmd;C:\Program Files\dotnet\;C:\Program Files\nodejs\;C:\Program Files\Go\bin;C:\Program Files\Microsoft SQL Server\150\Tools\Binn\;C:\Program Files\Microsoft SQL Server\Client SDK\ODBC\170\Tools\Binn\;C:\Users\aryak\.cargo\bin;C:\Users\aryak\scoop\shims;C:\Users\aryak\AppData\Local\Microsoft\WindowsApps;C:\Users\aryak\AppData\Local\GitHubDesktop\bin;C:\Users\aryak\AppData\Local\Programs\Microsoft VS Code\bin;C:\Users\aryak\.dotnet\tools;C:\Users\aryak\.dotnet\tools;C:\Users\aryak\AppData\Roaming\npm;C:\Users\aryak\go\bin
USERNAME=aryak
OS=Windows_NT
PROCESSOR_IDENTIFIER=Intel64 Family 6 Model 140 Stepping 1, GenuineIntel



---------------  S Y S T E M  ---------------

OS: Windows 10.0 , 64 bit Build 19041 (10.0.19041.1741)

CPU:total 8 (initial active 8) (4 cores per cpu, 2 threads per core) family 6 model 140 stepping 1, cmov, cx8, fxsr, mmx, sse, sse2, sse3, ssse3, sse4.1, sse4.2, popcnt, avx, avx2, aes, clmul, erms, 3dnowpref, lzcnt, ht, tsc, tscinvbit, bmi1, bmi2, adx

Memory: 4k page, physical 16517112k(7502612k free), swap 34388432k(13735756k free)

vm_info: Java HotSpot(TM) 64-Bit Server VM (25.301-b09) for windows-amd64 JRE (1.8.0_301-b09), built on Jun  9 2021 06:46:21 by "java_re" with MS VC++ 15.9 (VS2017)

time: Sat Jul  9 22:18:10 2022
timezone: Pacific Daylight Time
elapsed time: 26.821388 seconds (0d 0h 0m 26s)

