#
# A fatal error has been detected by the Java Runtime Environment:
#
#  EXCEPTION_ACCESS_VIOLATION (0xc0000005) at pc=0x00007ffa9eb0b386, pid=22596, tid=0x0000000000005258
#
# JRE version: Java(TM) SE Runtime Environment (8.0_301-b09) (build 1.8.0_301-b09)
# Java VM: Java HotSpot(TM) 64-Bit Server VM (25.301-b09 mixed mode windows-amd64 compressed oops)
# Problematic frame:
# C  [igxelpicd64.dll+0x23b386]
#
# Failed to write core dump. Minidumps are not enabled by default on client versions of Windows
#
# If you would like to submit a bug report, please visit:
#   http://bugreport.java.com/bugreport/crash.jsp
#

---------------  T H R E A D  ---------------

Current thread (0x000002bc4792f000):  VMThread [stack: 0x000000cca9300000,0x000000cca9400000] [id=21080]

siginfo: ExceptionCode=0xc0000005, reading address 0x0000000000035468

Registers:
RAX=0x000002bc5bcbb7b0, RBX=0x000002bc4cbe3380, RCX=0x0000000000000000, RDX=0x0000000000000000
RSP=0x000000cca93fe360, RBP=0x0000000000000000, RSI=0x000002bc5bcbb6b0, RDI=0x000002bc4ce5bd10
R8 =0x000002bc5bcbb7b0, R9 =0x0000000000000000, R10=0x0000000000000000, R11=0x0000000000000246
R12=0x000002bc5bcbb6b0, R13=0x0000000000000000, R14=0x000002bc5bcbbbf8, R15=0x000002bc5bcbc250
RIP=0x00007ffa9eb0b386, EFLAGS=0x0000000000010202

Top of Stack: (sp=0x000000cca93fe360)
0x000000cca93fe360:   000002bc4cbe3380 0000000000000230
0x000000cca93fe370:   0000000000000220 000002bc2cf20cc0
0x000000cca93fe380:   0000001600000000 0000000000000000
0x000000cca93fe390:   0000000000000000 0000000000000220
0x000000cca93fe3a0:   000002bc4cbe3380 3700000000000004
0x000000cca93fe3b0:   3030303030393437 000000cca93fe479
0x000000cca93fe3c0:   0000000000000022 00007ffaf30fb3c7
0x000000cca93fe3d0:   000002bc2cf20000 3700000000000000
0x000000cca93fe3e0:   3030303030383038 00007ffaf315ed31
0x000000cca93fe3f0:   3030383034313163 00007ffaf315ed64
0x000000cca93fe400:   3030303038353238 3600000000000000
0x000000cca93fe410:   3030303030333464 0000000000000000
0x000000cca93fe420:   000000cca93fe590 0000000000000000
0x000000cca93fe430:   000002bc2cd10be8 00007ffaf315ed31
0x000000cca93fe440:   0000000000000001 0000000000000000
0x000000cca93fe450:   0000000000000000 0000000000000000 

Instructions: (pc=0x00007ffa9eb0b386)
0x00007ffa9eb0b366:   00 83 f9 10 0f 83 3a 01 00 00 8b c1 48 c1 e0 06
0x00007ffa9eb0b376:   49 03 c0 48 85 c0 0f 84 9b 01 00 00 48 8b 50 08
0x00007ffa9eb0b386:   48 3b 95 68 54 03 00 0f 87 b6 0e 00 00 48 83 be
0x00007ffa9eb0b396:   c0 05 00 00 00 0f 85 50 e7 75 00 44 8b 8f d0 01 


Register to memory mapping:

RAX=0x000002bc5bcbb7b0 is an unknown value
RBX=0x000002bc4cbe3380 is an unknown value
RCX=0x0000000000000000 is an unknown value
RDX=0x0000000000000000 is an unknown value
RSP=0x000000cca93fe360 is an unknown value
RBP=0x0000000000000000 is an unknown value
RSI=0x000002bc5bcbb6b0 is an unknown value
RDI=0x000002bc4ce5bd10 is an unknown value
R8 =0x000002bc5bcbb7b0 is an unknown value
R9 =0x0000000000000000 is an unknown value
R10=0x0000000000000000 is an unknown value
R11=0x0000000000000246 is an unknown value
R12=0x000002bc5bcbb6b0 is an unknown value
R13=0x0000000000000000 is an unknown value
R14=0x000002bc5bcbbbf8 is an unknown value
R15=0x000002bc5bcbc250 is an unknown value


Stack: [0x000000cca9300000,0x000000cca9400000],  sp=0x000000cca93fe360,  free space=1016k
Native frames: (J=compiled Java code, j=interpreted, Vv=VM code, C=native code)

VM_Operation (0x000000cca8afe4a0): Exit, mode: safepoint, requested by thread 0x000002bc2cd93800


---------------  P R O C E S S  ---------------

Java Threads: ( => current thread )
  0x000002bc4b022800 JavaThread "Thread-7" [_thread_blocked, id=1592, stack(0x000000ccaa400000,0x000000ccaa500000)]
  0x000002bc4b022000 JavaThread "Keep-Alive-Timer" daemon [_thread_blocked, id=14752, stack(0x000000ccaa700000,0x000000ccaa800000)]
  0x000002bc4b021000 JavaThread "Thread-6" [_thread_blocked, id=14748, stack(0x000000ccaa600000,0x000000ccaa700000)]
  0x000002bc4e87d800 JavaThread "Java2D Disposer" daemon [_thread_blocked, id=7312, stack(0x000000ccaa000000,0x000000ccaa100000)]
  0x000002bc4c61f800 JavaThread "Timer hack thread" daemon [_thread_blocked, id=21444, stack(0x000000cca9f00000,0x000000ccaa000000)]
  0x000002bc4c14a000 JavaThread "Snooper Timer" daemon [_thread_blocked, id=22824, stack(0x000000cca9e00000,0x000000cca9f00000)]
  0x000002bc497e8800 JavaThread "Service Thread" daemon [_thread_blocked, id=14644, stack(0x000000cca9c00000,0x000000cca9d00000)]
  0x000002bc47996000 JavaThread "C1 CompilerThread3" daemon [_thread_blocked, id=15548, stack(0x000000cca9b00000,0x000000cca9c00000)]
  0x000002bc47994800 JavaThread "C2 CompilerThread2" daemon [_thread_blocked, id=10096, stack(0x000000cca9a00000,0x000000cca9b00000)]
  0x000002bc47990000 JavaThread "C2 CompilerThread1" daemon [_thread_blocked, id=22708, stack(0x000000cca9900000,0x000000cca9a00000)]
  0x000002bc4798d800 JavaThread "C2 CompilerThread0" daemon [_thread_blocked, id=23332, stack(0x000000cca9800000,0x000000cca9900000)]
  0x000002bc4798a000 JavaThread "Attach Listener" daemon [_thread_blocked, id=5540, stack(0x000000cca9700000,0x000000cca9800000)]
  0x000002bc47984800 JavaThread "Signal Dispatcher" daemon [_thread_blocked, id=16068, stack(0x000000cca9600000,0x000000cca9700000)]
  0x000002bc4795e800 JavaThread "Finalizer" daemon [_thread_blocked, id=2148, stack(0x000000cca9500000,0x000000cca9600000)]
  0x000002bc47957000 JavaThread "Reference Handler" daemon [_thread_blocked, id=22676, stack(0x000000cca9400000,0x000000cca9500000)]
  0x000002bc2cd93800 JavaThread "Client thread" [_thread_blocked, id=844, stack(0x000000cca8a00000,0x000000cca8b00000)]

Other Threads:
=>0x000002bc4792f000 VMThread [stack: 0x000000cca9300000,0x000000cca9400000] [id=21080]

VM state:at safepoint (shutting down)

VM Mutex/Monitor currently owned by a thread:  ([mutex/lock_event])
[0x000002bc2cd8ff70] Threads_lock - owner thread: 0x000002bc4792f000

heap address: 0x00000006c3e00000, size: 4034 MB, Compressed Oops mode: Zero based, Oop shift amount: 3
Narrow klass base: 0x0000000000000000, Narrow klass shift: 3
Compressed class space size: 1073741824 Address: 0x00000007c0000000

Heap:
 PSYoungGen      total 336384K, used 307828K [0x000000076bf80000, 0x000000078a680000, 0x00000007c0000000)
  eden space 287744K, 90% used [0x000000076bf80000,0x000000077bc9ef98,0x000000077d880000)
  from space 48640K, 99% used [0x000000077d880000,0x00000007807fe258,0x0000000780800000)
  to   space 58368K, 0% used [0x0000000786d80000,0x0000000786d80000,0x000000078a680000)
 ParOldGen       total 267264K, used 106748K [0x00000006c3e00000, 0x00000006d4300000, 0x000000076bf80000)
  object space 267264K, 39% used [0x00000006c3e00000,0x00000006ca63f0a0,0x00000006d4300000)
 Metaspace       used 28831K, capacity 29087K, committed 29568K, reserved 1075200K
  class space    used 3571K, capacity 3639K, committed 3712K, reserved 1048576K

Card table byte_map: [0x000002bc3db70000,0x000002bc3e360000] byte_map_base: 0x000002bc3a551000

Marking Bits: (ParMarkBitMap*) 0x0000000053907fe0
 Begin Bits: [0x000002bc3e8b0000, 0x000002bc427b8000)
 End Bits:   [0x000002bc427b8000, 0x000002bc466c0000)

Polling page: 0x000002bc2cfd0000

CodeCache: size=245760Kb used=11351Kb max_used=12203Kb free=234408Kb
 bounds [0x000002bc2e7b0000, 0x000002bc2f3c0000, 0x000002bc3d7b0000]
 total_blobs=3623 nmethods=2966 adapters=568
 compilation: enabled

Compilation events (10 events):
Event: 11.379 Thread 0x000002bc4798d800 3806  s    4       java.lang.StringBuffer::append (13 bytes)
Event: 11.379 Thread 0x000002bc47996000 nmethod 3804 0x000002bc2ecd9110 code [0x000002bc2ecd9260, 0x000002bc2ecd9418]
Event: 11.380 Thread 0x000002bc47996000 3805       3       java.lang.StackTraceElement::toString (140 bytes)
Event: 11.380 Thread 0x000002bc47996000 nmethod 3805 0x000002bc2f359050 code [0x000002bc2f359380, 0x000002bc2f35b010]
Event: 11.381 Thread 0x000002bc47996000 3807       3       java.util.Calendar::setTimeInMillis (84 bytes)
Event: 11.381 Thread 0x000002bc47996000 nmethod 3807 0x000002bc2ec67150 code [0x000002bc2ec672e0, 0x000002bc2ec67890]
Event: 11.382 Thread 0x000002bc47996000 3808  s    3       java.util.Hashtable::containsKey (65 bytes)
Event: 11.383 Thread 0x000002bc47996000 nmethod 3808 0x000002bc2eff2b50 code [0x000002bc2eff2ce0, 0x000002bc2eff3320]
Event: 11.383 Thread 0x000002bc47996000 3809       3       org.apache.logging.log4j.core.helpers.NameUtil::getSubName (32 bytes)
Event: 11.384 Thread 0x000002bc47996000 nmethod 3809 0x000002bc2f327a10 code [0x000002bc2f327ba0, 0x000002bc2f328140]

GC Heap History (10 events):
Event: 5.534 GC heap before
{Heap before GC invocations=10 (full 2):
 PSYoungGen      total 140800K, used 127488K [0x000000076bf80000, 0x000000077d780000, 0x00000007c0000000)
  eden space 127488K, 100% used [0x000000076bf80000,0x0000000773c00000,0x0000000773c00000)
  from space 13312K, 0% used [0x0000000773c00000,0x0000000773c00000,0x0000000774900000)
  to   space 15872K, 0% used [0x000000077c800000,0x000000077c800000,0x000000077d780000)
 ParOldGen       total 126464K, used 27465K [0x00000006c3e00000, 0x00000006cb980000, 0x000000076bf80000)
  object space 126464K, 21% used [0x00000006c3e00000,0x00000006c58d2580,0x00000006cb980000)
 Metaspace       used 24680K, capacity 24873K, committed 25216K, reserved 1071104K
  class space    used 3046K, capacity 3113K, committed 3200K, reserved 1048576K
Event: 5.539 GC heap after
Heap after GC invocations=10 (full 2):
 PSYoungGen      total 205824K, used 9548K [0x000000076bf80000, 0x000000077d180000, 0x00000007c0000000)
  eden space 196096K, 0% used [0x000000076bf80000,0x000000076bf80000,0x0000000777f00000)
  from space 9728K, 98% used [0x000000077c800000,0x000000077d153380,0x000000077d180000)
  to   space 15360K, 0% used [0x000000077b380000,0x000000077b380000,0x000000077c280000)
 ParOldGen       total 126464K, used 27473K [0x00000006c3e00000, 0x00000006cb980000, 0x000000076bf80000)
  object space 126464K, 21% used [0x00000006c3e00000,0x00000006c58d4580,0x00000006cb980000)
 Metaspace       used 24680K, capacity 24873K, committed 25216K, reserved 1071104K
  class space    used 3046K, capacity 3113K, committed 3200K, reserved 1048576K
}
Event: 6.822 GC heap before
{Heap before GC invocations=11 (full 2):
 PSYoungGen      total 205824K, used 205644K [0x000000076bf80000, 0x000000077d180000, 0x00000007c0000000)
  eden space 196096K, 100% used [0x000000076bf80000,0x0000000777f00000,0x0000000777f00000)
  from space 9728K, 98% used [0x000000077c800000,0x000000077d153380,0x000000077d180000)
  to   space 15360K, 0% used [0x000000077b380000,0x000000077b380000,0x000000077c280000)
 ParOldGen       total 126464K, used 27473K [0x00000006c3e00000, 0x00000006cb980000, 0x000000076bf80000)
  object space 126464K, 21% used [0x00000006c3e00000,0x00000006c58d4580,0x00000006cb980000)
 Metaspace       used 24706K, capacity 24937K, committed 25216K, reserved 1071104K
  class space    used 3048K, capacity 3113K, committed 3200K, reserved 1048576K
Event: 6.845 GC heap after
Heap after GC invocations=11 (full 2):
 PSYoungGen      total 265216K, used 15337K [0x000000076bf80000, 0x0000000782580000, 0x00000007c0000000)
  eden space 249856K, 0% used [0x000000076bf80000,0x000000076bf80000,0x000000077b380000)
  from space 15360K, 99% used [0x000000077b380000,0x000000077c27a7d8,0x000000077c280000)
  to   space 30208K, 0% used [0x0000000780800000,0x0000000780800000,0x0000000782580000)
 ParOldGen       total 126464K, used 60653K [0x00000006c3e00000, 0x00000006cb980000, 0x000000076bf80000)
  object space 126464K, 47% used [0x00000006c3e00000,0x00000006c793b700,0x00000006cb980000)
 Metaspace       used 24706K, capacity 24937K, committed 25216K, reserved 1071104K
  class space    used 3048K, capacity 3113K, committed 3200K, reserved 1048576K
}
Event: 8.414 GC heap before
{Heap before GC invocations=12 (full 2):
 PSYoungGen      total 265216K, used 265193K [0x000000076bf80000, 0x0000000782580000, 0x00000007c0000000)
  eden space 249856K, 100% used [0x000000076bf80000,0x000000077b380000,0x000000077b380000)
  from space 15360K, 99% used [0x000000077b380000,0x000000077c27a7d8,0x000000077c280000)
  to   space 30208K, 0% used [0x0000000780800000,0x0000000780800000,0x0000000782580000)
 ParOldGen       total 126464K, used 60653K [0x00000006c3e00000, 0x00000006cb980000, 0x000000076bf80000)
  object space 126464K, 47% used [0x00000006c3e00000,0x00000006c793b700,0x00000006cb980000)
 Metaspace       used 24711K, capacity 24937K, committed 25216K, reserved 1071104K
  class space    used 3048K, capacity 3113K, committed 3200K, reserved 1048576K
Event: 8.447 GC heap after
Heap after GC invocations=12 (full 2):
 PSYoungGen      total 317952K, used 30204K [0x000000076bf80000, 0x0000000786980000, 0x00000007c0000000)
  eden space 287744K, 0% used [0x000000076bf80000,0x000000076bf80000,0x000000077d880000)
  from space 30208K, 99% used [0x0000000780800000,0x000000078257f260,0x0000000782580000)
  to   space 48640K, 0% used [0x000000077d880000,0x000000077d880000,0x0000000780800000)
 ParOldGen       total 126464K, used 98071K [0x00000006c3e00000, 0x00000006cb980000, 0x000000076bf80000)
  object space 126464K, 77% used [0x00000006c3e00000,0x00000006c9dc5dc8,0x00000006cb980000)
 Metaspace       used 24711K, capacity 24937K, committed 25216K, reserved 1071104K
  class space    used 3048K, capacity 3113K, committed 3200K, reserved 1048576K
}
Event: 8.447 GC heap before
{Heap before GC invocations=13 (full 3):
 PSYoungGen      total 317952K, used 30204K [0x000000076bf80000, 0x0000000786980000, 0x00000007c0000000)
  eden space 287744K, 0% used [0x000000076bf80000,0x000000076bf80000,0x000000077d880000)
  from space 30208K, 99% used [0x0000000780800000,0x000000078257f260,0x0000000782580000)
  to   space 48640K, 0% used [0x000000077d880000,0x000000077d880000,0x0000000780800000)
 ParOldGen       total 126464K, used 98071K [0x00000006c3e00000, 0x00000006cb980000, 0x000000076bf80000)
  object space 126464K, 77% used [0x00000006c3e00000,0x00000006c9dc5dc8,0x00000006cb980000)
 Metaspace       used 24711K, capacity 24937K, committed 25216K, reserved 1071104K
  class space    used 3048K, capacity 3113K, committed 3200K, reserved 1048576K
Event: 8.527 GC heap after
Heap after GC invocations=13 (full 3):
 PSYoungGen      total 317952K, used 0K [0x000000076bf80000, 0x0000000786980000, 0x00000007c0000000)
  eden space 287744K, 0% used [0x000000076bf80000,0x000000076bf80000,0x000000077d880000)
  from space 30208K, 0% used [0x0000000780800000,0x0000000780800000,0x0000000782580000)
  to   space 48640K, 0% used [0x000000077d880000,0x000000077d880000,0x0000000780800000)
 ParOldGen       total 267264K, used 100928K [0x00000006c3e00000, 0x00000006d4300000, 0x000000076bf80000)
  object space 267264K, 37% used [0x00000006c3e00000,0x00000006ca090088,0x00000006d4300000)
 Metaspace       used 24711K, capacity 24937K, committed 25216K, reserved 1071104K
  class space    used 3048K, capacity 3113K, committed 3200K, reserved 1048576K
}
Event: 9.914 GC heap before
{Heap before GC invocations=14 (full 3):
 PSYoungGen      total 317952K, used 287744K [0x000000076bf80000, 0x0000000786980000, 0x00000007c0000000)
  eden space 287744K, 100% used [0x000000076bf80000,0x000000077d880000,0x000000077d880000)
  from space 30208K, 0% used [0x0000000780800000,0x0000000780800000,0x0000000782580000)
  to   space 48640K, 0% used [0x000000077d880000,0x000000077d880000,0x0000000780800000)
 ParOldGen       total 267264K, used 100928K [0x00000006c3e00000, 0x00000006d4300000, 0x000000076bf80000)
  object space 267264K, 37% used [0x00000006c3e00000,0x00000006ca090088,0x00000006d4300000)
 Metaspace       used 25515K, capacity 25737K, committed 26112K, reserved 1073152K
  class space    used 3160K, capacity 3209K, committed 3328K, reserved 1048576K
Event: 9.946 GC heap after
Heap after GC invocations=14 (full 3):
 PSYoungGen      total 336384K, used 48632K [0x000000076bf80000, 0x000000078a680000, 0x00000007c0000000)
  eden space 287744K, 0% used [0x000000076bf80000,0x000000076bf80000,0x000000077d880000)
  from space 48640K, 99% used [0x000000077d880000,0x00000007807fe258,0x0000000780800000)
  to   space 58368K, 0% used [0x0000000786d80000,0x0000000786d80000,0x000000078a680000)
 ParOldGen       total 267264K, used 106748K [0x00000006c3e00000, 0x00000006d4300000, 0x000000076bf80000)
  object space 267264K, 39% used [0x00000006c3e00000,0x00000006ca63f0a0,0x00000006d4300000)
 Metaspace       used 25515K, capacity 25737K, committed 26112K, reserved 1073152K
  class space    used 3160K, capacity 3209K, committed 3328K, reserved 1048576K
}

Deoptimization events (10 events):
Event: 10.275 Thread 0x000002bc50935000 Uncommon trap: reason=bimorphic action=maybe_recompile pc=0x000002bc2ec18658 method=java.net.URL.<init>(Ljava/net/URL;Ljava/lang/String;Ljava/net/URLStreamHandler;)V @ 504
Event: 10.283 Thread 0x000002bc50935000 Uncommon trap: reason=unstable_if action=reinterpret pc=0x000002bc2e9046e0 method=java.net.URI.match(CJJ)Z @ 45
Event: 10.376 Thread 0x000002bc50935000 Uncommon trap: reason=unstable_if action=reinterpret pc=0x000002bc2f18fa24 method=sun.net.www.MessageHeader.grow()V @ 4
Event: 10.478 Thread 0x000002bc50935000 Uncommon trap: reason=unstable_if action=reinterpret pc=0x000002bc2ef58ae0 method=com.google.gson.stream.JsonReader.doPeek()I @ 704
Event: 11.069 Thread 0x000002bc2cd93800 Uncommon trap: reason=unstable_if action=reinterpret pc=0x000002bc2ed7d544 method=java.util.Formatter$Conversion.isValid(C)Z @ 4
Event: 11.092 Thread 0x000002bc2cd93800 Uncommon trap: reason=unstable_if action=reinterpret pc=0x000002bc2e9ce3bc method=java.util.Formatter$Conversion.isValid(C)Z @ 4
Event: 11.255 Thread 0x000002bc2cd93800 Uncommon trap: reason=unstable_if action=reinterpret pc=0x000002bc2e9276cc method=org.objectweb.asm.MethodWriter.visitMaxs(II)V @ 349
Event: 11.363 Thread 0x000002bc2cd93800 Uncommon trap: reason=class_check action=maybe_recompile pc=0x000002bc2ec1e9fc method=com.google.common.collect.AbstractMapBasedMultimap$Itr.next()Ljava/lang/Object; @ 4
Event: 11.374 Thread 0x000002bc2cd93800 Uncommon trap: reason=class_check action=maybe_recompile pc=0x000002bc2f108cb8 method=com.google.common.collect.AbstractMapBasedMultimap$Itr.hasNext()Z @ 16
Event: 11.381 Thread 0x000002bc2cd93800 Uncommon trap: reason=unstable_if action=reinterpret pc=0x000002bc2eddf4d8 method=cpw.mods.fml.relauncher.FMLSecurityManager.checkPermission(Ljava/security/Permission;)V @ 23

Classes redefined (0 events):
No events

Internal exceptions (10 events):
Event: 10.616 Thread 0x000002bc4b021000 Exception <a 'org/lwjgl/LWJGLException'> (0x0000000772e7ab10) thrown at [C:\jenkins\workspace\8-2-build-windows-amd64-cygwin\jdk8u301\1513\hotspot\src\share\vm\prims\jni.cpp, line 710]
Event: 10.616 Thread 0x000002bc4b021000 Exception <a 'org/lwjgl/LWJGLException'> (0x0000000772e7b160) thrown at [C:\jenkins\workspace\8-2-build-windows-amd64-cygwin\jdk8u301\1513\hotspot\src\share\vm\prims\jni.cpp, line 710]
Event: 10.616 Thread 0x000002bc4b021000 Exception <a 'org/lwjgl/LWJGLException'> (0x0000000772e7b6c0) thrown at [C:\jenkins\workspace\8-2-build-windows-amd64-cygwin\jdk8u301\1513\hotspot\src\share\vm\prims\jni.cpp, line 710]
Event: 10.616 Thread 0x000002bc4b021000 Exception <a 'org/lwjgl/LWJGLException'> (0x0000000772e7bc20) thrown at [C:\jenkins\workspace\8-2-build-windows-amd64-cygwin\jdk8u301\1513\hotspot\src\share\vm\prims\jni.cpp, line 710]
Event: 10.617 Thread 0x000002bc4b021000 Exception <a 'org/lwjgl/LWJGLException'> (0x0000000772e7c1a8) thrown at [C:\jenkins\workspace\8-2-build-windows-amd64-cygwin\jdk8u301\1513\hotspot\src\share\vm\prims\jni.cpp, line 710]
Event: 10.617 Thread 0x000002bc4b021000 Exception <a 'org/lwjgl/LWJGLException'> (0x0000000772e7c6b0) thrown at [C:\jenkins\workspace\8-2-build-windows-amd64-cygwin\jdk8u301\1513\hotspot\src\share\vm\prims\jni.cpp, line 710]
Event: 10.992 Thread 0x000002bc4b021000 Exception <a 'java/lang/InterruptedException': sleep interrupted> (0x0000000772eebc40) thrown at [C:\jenkins\workspace\8-2-build-windows-amd64-cygwin\jdk8u301\1513\hotspot\src\share\vm\prims\jvm.cpp, line 3357]
Event: 10.992 Thread 0x000002bc4b021000 Exception <a 'java/lang/InterruptedException': sleep interrupted> (0x0000000772eebe98) thrown at [C:\jenkins\workspace\8-2-build-windows-amd64-cygwin\jdk8u301\1513\hotspot\src\share\vm\prims\jvm.cpp, line 3357]
Event: 11.363 Thread 0x000002bc2cd93800 Exception <a 'java/lang/reflect/InvocationTargetException'> (0x000000077aa20cb8) thrown at [C:\jenkins\workspace\8-2-build-windows-amd64-cygwin\jdk8u301\1513\hotspot\src\share\vm\runtime\reflection.cpp, line 1092]
Event: 11.382 Thread 0x000002bc5dd92000 Exception <a 'org/lwjgl/LWJGLException': Failed to set device gamma.> (0x000000077b9cfab0) thrown at [C:\jenkins\workspace\8-2-build-windows-amd64-cygwin\jdk8u301\1513\hotspot\src\share\vm\prims\jni.cpp, line 737]

Events (10 events):
Event: 11.382 Executing VM operation: RevokeBias done
Event: 11.382 Thread 0x000002bc5dd90000 Thread exited: 0x000002bc5dd90000
Event: 11.382 loading class javax/servlet/ServletContext
Event: 11.382 loading class javax/servlet/ServletContext done
Event: 11.382 Thread 0x000002bc5dd92000 Thread exited: 0x000002bc5dd92000
Event: 11.383 loading class javax/servlet/ServletContext
Event: 11.383 loading class javax/servlet/ServletContext done
Event: 11.383 Thread 0x000002bc4b023800 Thread exited: 0x000002bc4b023800
Event: 11.384 Thread 0x000002bc4b020800 Thread exited: 0x000002bc4b020800
Event: 11.384 Executing VM operation: Exit


Dynamic libraries:
0x00007ff7a2f80000 - 0x00007ff7a2fc7000 	C:\Program Files\Java\jdk1.8.0_301\bin\java.exe
0x00007ffaf30d0000 - 0x00007ffaf32c7000 	C:\WINDOWS\SYSTEM32\ntdll.dll
0x00007ffaf2df0000 - 0x00007ffaf2ead000 	C:\WINDOWS\System32\KERNEL32.DLL
0x00007ffaf0da0000 - 0x00007ffaf106d000 	C:\WINDOWS\System32\KERNELBASE.dll
0x00007ffaf2bb0000 - 0x00007ffaf2c5e000 	C:\WINDOWS\System32\ADVAPI32.dll
0x00007ffaf20b0000 - 0x00007ffaf214e000 	C:\WINDOWS\System32\msvcrt.dll
0x00007ffaf1210000 - 0x00007ffaf12ac000 	C:\WINDOWS\System32\sechost.dll
0x00007ffaf25c0000 - 0x00007ffaf26e5000 	C:\WINDOWS\System32\RPCRT4.dll
0x00007ffaf1b70000 - 0x00007ffaf1d10000 	C:\WINDOWS\System32\USER32.dll
0x00007ffaf1070000 - 0x00007ffaf1092000 	C:\WINDOWS\System32\win32u.dll
0x00007ffaf1b40000 - 0x00007ffaf1b6a000 	C:\WINDOWS\System32\GDI32.dll
0x00007ffaf0b40000 - 0x00007ffaf0c4b000 	C:\WINDOWS\System32\gdi32full.dll
0x00007ffaf0c50000 - 0x00007ffaf0ced000 	C:\WINDOWS\System32\msvcp_win.dll
0x00007ffaf09a0000 - 0x00007ffaf0aa0000 	C:\WINDOWS\System32\ucrtbase.dll
0x00007ffad5260000 - 0x00007ffad54fa000 	C:\WINDOWS\WinSxS\amd64_microsoft.windows.common-controls_6595b64144ccf1df_6.0.19041.1110_none_60b5254171f9507e\COMCTL32.dll
0x00007ffaf2cf0000 - 0x00007ffaf2d20000 	C:\WINDOWS\System32\IMM32.DLL
0x00007ffad03c0000 - 0x00007ffad03d5000 	C:\Program Files\Java\jdk1.8.0_301\jre\bin\vcruntime140.dll
0x00007ffabac30000 - 0x00007ffabaccb000 	C:\Program Files\Java\jdk1.8.0_301\jre\bin\msvcp140.dll
0x0000000053120000 - 0x0000000053980000 	C:\Program Files\Java\jdk1.8.0_301\jre\bin\server\jvm.dll
0x00007ffaf12b0000 - 0x00007ffaf12b8000 	C:\WINDOWS\System32\PSAPI.DLL
0x00007ffad2780000 - 0x00007ffad27a7000 	C:\WINDOWS\SYSTEM32\WINMM.dll
0x00007ffae65c0000 - 0x00007ffae65ca000 	C:\WINDOWS\SYSTEM32\VERSION.dll
0x00007ffae7390000 - 0x00007ffae7399000 	C:\WINDOWS\SYSTEM32\WSOCK32.dll
0x00007ffaf1d10000 - 0x00007ffaf1d7b000 	C:\WINDOWS\System32\WS2_32.dll
0x00007ffaef080000 - 0x00007ffaef092000 	C:\WINDOWS\SYSTEM32\kernel.appcore.dll
0x00007ffad9440000 - 0x00007ffad9450000 	C:\Program Files\Java\jdk1.8.0_301\jre\bin\verify.dll
0x00007ffad0390000 - 0x00007ffad03bb000 	C:\Program Files\Java\jdk1.8.0_301\jre\bin\java.dll
0x00007ffad02e0000 - 0x00007ffad02f8000 	C:\Program Files\Java\jdk1.8.0_301\jre\bin\zip.dll
0x00007ffaf1340000 - 0x00007ffaf1a84000 	C:\WINDOWS\System32\SHELL32.dll
0x00007ffaee5e0000 - 0x00007ffaeed74000 	C:\WINDOWS\SYSTEM32\windows.storage.dll
0x00007ffaf2760000 - 0x00007ffaf2ab4000 	C:\WINDOWS\System32\combase.dll
0x00007ffaf0250000 - 0x00007ffaf027c000 	C:\WINDOWS\SYSTEM32\Wldp.dll
0x00007ffaf2eb0000 - 0x00007ffaf2f5d000 	C:\WINDOWS\System32\SHCORE.dll
0x00007ffaf2700000 - 0x00007ffaf2755000 	C:\WINDOWS\System32\shlwapi.dll
0x00007ffaf0730000 - 0x00007ffaf074f000 	C:\WINDOWS\SYSTEM32\profapi.dll
0x00007ffad1d20000 - 0x00007ffad1d2d000 	C:\Program Files\Java\jdk1.8.0_301\jre\bin\management.dll
0x00007ffacfec0000 - 0x00007ffacfedc000 	C:\Program Files\Java\jdk1.8.0_301\jre\bin\net.dll
0x00007ffaeffb0000 - 0x00007ffaf001a000 	C:\WINDOWS\system32\mswsock.dll
0x00007ffacfe70000 - 0x00007ffacfe83000 	C:\Program Files\Java\jdk1.8.0_301\jre\bin\nio.dll
0x00007ffad4c90000 - 0x00007ffad4ca7000 	C:\WINDOWS\system32\napinsp.dll
0x00007ffad4b60000 - 0x00007ffad4b7b000 	C:\WINDOWS\system32\pnrpnsp.dll
0x00007ffad32a0000 - 0x00007ffad32b5000 	C:\WINDOWS\system32\wshbth.dll
0x00007ffae8060000 - 0x00007ffae807d000 	C:\WINDOWS\system32\NLAapi.dll
0x00007ffaefc50000 - 0x00007ffaefc8b000 	C:\WINDOWS\SYSTEM32\IPHLPAPI.DLL
0x00007ffaefca0000 - 0x00007ffaefd6b000 	C:\WINDOWS\SYSTEM32\DNSAPI.dll
0x00007ffaf26f0000 - 0x00007ffaf26f8000 	C:\WINDOWS\System32\NSI.dll
0x00007ffad14c0000 - 0x00007ffad14d2000 	C:\WINDOWS\System32\winrnr.dll
0x00007ffae60a0000 - 0x00007ffae60aa000 	C:\Windows\System32\rasadhlp.dll
0x00007ffae58c0000 - 0x00007ffae5940000 	C:\WINDOWS\System32\fwpuclnt.dll
0x00007ffaf0b10000 - 0x00007ffaf0b37000 	C:\WINDOWS\System32\bcrypt.dll
0x0000000180000000 - 0x0000000180051000 	C:\Users\aryak\.gradle\caches\minecraft\net\minecraft\minecraft_natives\1.7.10\lwjgl64.dll
0x00007ffabbf30000 - 0x00007ffabc056000 	C:\WINDOWS\SYSTEM32\OPENGL32.dll
0x00007ffabc2d0000 - 0x00007ffabc2fc000 	C:\WINDOWS\SYSTEM32\GLU32.dll
0x00007ffaf01a0000 - 0x00007ffaf01b8000 	C:\WINDOWS\SYSTEM32\CRYPTSP.dll
0x00007ffaef8c0000 - 0x00007ffaef8f4000 	C:\WINDOWS\system32\rsaenh.dll
0x00007ffaf06b0000 - 0x00007ffaf06de000 	C:\WINDOWS\SYSTEM32\USERENV.dll
0x00007ffaf10a0000 - 0x00007ffaf1122000 	C:\WINDOWS\System32\bcryptprimitives.dll
0x00007ffaf01c0000 - 0x00007ffaf01cc000 	C:\WINDOWS\SYSTEM32\CRYPTBASE.dll
0x00007ffae6810000 - 0x00007ffae6827000 	C:\WINDOWS\SYSTEM32\dhcpcsvc6.DLL
0x00007ffae6660000 - 0x00007ffae667d000 	C:\WINDOWS\SYSTEM32\dhcpcsvc.DLL
0x00007ffab28c0000 - 0x00007ffab2a55000 	C:\Program Files\Java\jdk1.8.0_301\jre\bin\awt.dll
0x00007ffaf2d20000 - 0x00007ffaf2ded000 	C:\WINDOWS\System32\OLEAUT32.dll
0x00007ffaea110000 - 0x00007ffaea1a0000 	C:\WINDOWS\SYSTEM32\apphelp.dll
0x00007ffae77b0000 - 0x00007ffae785e000 	C:\WINDOWS\SYSTEM32\mscms.dll
0x00007ffae76a0000 - 0x00007ffae76b1000 	C:\WINDOWS\SYSTEM32\ColorAdapterClient.dll
0x00007ffaea250000 - 0x00007ffaea2ee000 	C:\WINDOWS\system32\uxtheme.dll
0x00007ffaf1de0000 - 0x00007ffaf1ef5000 	C:\WINDOWS\System32\MSCTF.dll
0x00007ffaf1a90000 - 0x00007ffaf1b39000 	C:\WINDOWS\System32\clbcatq.dll
0x00007ffa9e8d0000 - 0x00007ffa9f8a3000 	C:\WINDOWS\System32\DriverStore\FileRepository\iigd_dch.inf_amd64_bdd36875e9c5d396\igxelpicd64.dll
0x00007ffaf2f60000 - 0x00007ffaf308a000 	C:\WINDOWS\System32\ole32.dll
0x00007ffaee210000 - 0x00007ffaee23f000 	C:\WINDOWS\system32\dwmapi.dll
0x00007ffaef0f0000 - 0x00007ffaef1e3000 	C:\WINDOWS\system32\dxgi.dll
0x00007ffaa7530000 - 0x00007ffaa79b7000 	C:\WINDOWS\System32\DriverStore\FileRepository\iigd_dch.inf_amd64_bdd36875e9c5d396\igdml64.dll
0x00007ffae0f40000 - 0x00007ffae1301000 	C:\WINDOWS\System32\DriverStore\FileRepository\iigd_dch.inf_amd64_bdd36875e9c5d396\igdgmm64.dll
0x00007ffac9cd0000 - 0x00007ffac9dc9000 	C:\WINDOWS\SYSTEM32\textinputframework.dll
0x00007ffae9a90000 - 0x00007ffae9dee000 	C:\WINDOWS\System32\CoreUIComponents.dll
0x00007ffae9ed0000 - 0x00007ffae9fc2000 	C:\WINDOWS\System32\CoreMessaging.dll
0x00007ffaef4f0000 - 0x00007ffaef523000 	C:\WINDOWS\SYSTEM32\ntmarta.dll
0x00007ffae8730000 - 0x00007ffae8884000 	C:\WINDOWS\SYSTEM32\wintypes.dll
0x00007ffabb7d0000 - 0x00007ffabb836000 	C:\WINDOWS\system32\Oleacc.dll
0x00007ffacea70000 - 0x00007ffaceab3000 	C:\WINDOWS\SYSTEM32\icm32.dll
0x00007ffaddd00000 - 0x00007ffae0f06000 	C:\WINDOWS\System32\DriverStore\FileRepository\iigd_dch.inf_amd64_bdd36875e9c5d396\igc64.dll
0x00007ffaefdc0000 - 0x00007ffaefe0b000 	C:\WINDOWS\SYSTEM32\powrprof.dll
0x00007ffaefc30000 - 0x00007ffaefc42000 	C:\WINDOWS\SYSTEM32\UMPDC.dll
0x0000000070a40000 - 0x0000000070adc000 	C:\Users\aryak\.gradle\caches\minecraft\net\minecraft\minecraft_natives\1.7.10\avutil-ttv-51.dll
0x0000000065980000 - 0x00000000659d6000 	C:\Users\aryak\.gradle\caches\minecraft\net\minecraft\minecraft_natives\1.7.10\swresample-ttv-0.dll
0x000000006eb80000 - 0x000000006ec50000 	C:\Users\aryak\.gradle\caches\minecraft\net\minecraft\minecraft_natives\1.7.10\libmp3lame-ttv.dll
0x00007ffa9c790000 - 0x00007ffa9db34000 	C:\Users\aryak\.gradle\caches\minecraft\net\minecraft\minecraft_natives\1.7.10\libmfxsw64.dll
0x00007ffaa7400000 - 0x00007ffaa752b000 	C:\Users\aryak\.gradle\caches\minecraft\net\minecraft\minecraft_natives\1.7.10\twitchsdk.dll
0x00007ffad2dc0000 - 0x00007ffad3296000 	C:\WINDOWS\SYSTEM32\WININET.dll
0x000002bc4f710000 - 0x000002bc4f774000 	C:\Users\aryak\.gradle\caches\minecraft\net\minecraft\minecraft_natives\1.7.10\OpenAL64.dll
0x00007ffae65d0000 - 0x00007ffae6655000 	C:\WINDOWS\System32\MMDevApi.dll
0x00007ffaf05a0000 - 0x00007ffaf05cc000 	C:\WINDOWS\System32\DEVOBJ.dll
0x00007ffaf0950000 - 0x00007ffaf099e000 	C:\WINDOWS\System32\cfgmgr32.dll
0x00007ffab7d50000 - 0x00007ffab7dec000 	C:\WINDOWS\SYSTEM32\dsound.dll
0x00007ffad32c0000 - 0x00007ffad32e6000 	C:\WINDOWS\SYSTEM32\winmmbase.dll
0x00007ffae6680000 - 0x00007ffae6802000 	C:\WINDOWS\SYSTEM32\AUDIOSES.DLL
0x00007ffaedf20000 - 0x00007ffaedf34000 	C:\WINDOWS\SYSTEM32\resourcepolicyclient.dll
0x00007ffaeed80000 - 0x00007ffaeef64000 	C:\WINDOWS\SYSTEM32\dbghelp.dll

VM Arguments:
jvm_args: -Dfile.encoding=windows-1252 -Duser.country=US -Duser.language=en -Duser.variant 
java_command: GradleStart
java_class_path (initial): C:\Users\aryak\.gradle\caches\minecraft\net\minecraftforge\forge\1.7.10-10.13.4.1614-1.7.10\start;C:\Users\aryak\.gradle\caches\minecraft\net\minecraftforge\forge\1.7.10-10.13.4.1614-1.7.10\forgeSrc-1.7.10-10.13.4.1614-1.7.10.jar;C:\Users\aryak\.gradle\caches\modules-2\files-2.1\net.minecraft\launchwrapper\1.12\111e7bea9c968cdb3d06ef4632bf7ff0824d0f36\launchwrapper-1.12.jar;C:\Users\aryak\.gradle\caches\modules-2\files-2.1\com.google.code.findbugs\jsr305\1.3.9\40719ea6961c0cb6afaeb6a921eaa1f6afd4cfdf\jsr305-1.3.9.jar;C:\Users\aryak\.gradle\caches\modules-2\files-2.1\org.ow2.asm\asm-debug-all\5.0.3\f9e364ae2a66ce2a543012a4668856e84e5dab74\asm-debug-all-5.0.3.jar;C:\Users\aryak\.gradle\caches\modules-2\files-2.1\com.typesafe.akka\akka-actor_2.11\2.3.3\ed62e9fc709ca0f2ff1a3220daa8b70a2870078e\akka-actor_2.11-2.3.3.jar;C:\Users\aryak\.gradle\caches\modules-2\files-2.1\com.typesafe\config\1.2.1\f771f71fdae3df231bcd54d5ca2d57f0bf93f467\config-1.2.1.jar;C:\Users\aryak\.gradle\caches\modules-2\files-2.1\org.scala-lang\scala-actors-migration_2.11\1.1.0\dfa8bc42b181d5b9f1a5dd147f8ae308b893eb6f\scala-actors-migration_2.11-1.1.0.jar;C:\Users\aryak\.gradle\caches\modules-2\files-2.1\org.scala-lang.plugins\scala-continuations-plugin_2.11.1\1.0.2\f361a3283452c57fa30c1ee69448995de23c60f7\scala-continuations-plugin_2.11.1-1.0.2.jar;C:\Users\aryak\.gradle\caches\modules-2\files-2.1\org.scala-lang\scala-compiler\2.11.1\56ea2e6c025e0821f28d73ca271218b8dd04926a\scala-compiler-2.11.1.jar;C:\Users\aryak\.gradle\caches\modules-2\files-2.1\org.scala-lang.plugins\scala-continuations-library_2.11\1.0.2\e517c53a7e9acd6b1668c5a35eccbaa3bab9aac\scala-continuations-library_2.11-1.0.2.jar;C:\Users\aryak\.gradle\caches\modules-2\files-2.1\org.scala-lang\scala-reflect\2.11.1\6580347e61cc7f8e802941e7fde40fa83b8badeb\scala-reflect-2.11.1.jar;C:\Users\aryak\.gradle\caches\modules-2\files-2.1\org.scala-lang\scala-actors\2.11.0\8ccfb6541de179bb1c4d45cf414acee069b7f78b\scala-a
Launcher Type: SUN_STANDARD

Environment Variables:
JAVA_HOME=C:\Program Files\Java\jdk1.8.0_301
PATH=C:\Program Files\Eclipse Foundation\jdk-16.0.2.7-hotspot\bin;C:\Program Files\Zulu\zulu-17\bin\;C:\Program Files (x86)\Common Files\Intel\Shared Libraries\redist\intel64\compiler;C:\Program Files (x86)\Common Files\Oracle\Java\javapath;C:\WINDOWS\system32;C:\WINDOWS;C:\WINDOWS\System32\Wbem;C:\WINDOWS\System32\WindowsPowerShell\v1.0\;C:\WINDOWS\System32\OpenSSH\;C:\ProgramData\chocolatey\bin;C:\ProgramData\chocolatey\lib\mpv.install\tools;C:\Program Files\Git\cmd;C:\Program Files\dotnet\;C:\Program Files\nodejs\;C:\Program Files\Go\bin;C:\Program Files\Microsoft SQL Server\150\Tools\Binn\;C:\Program Files\Microsoft SQL Server\Client SDK\ODBC\170\Tools\Binn\;C:\Users\aryak\.cargo\bin;C:\Users\aryak\scoop\shims;C:\Users\aryak\AppData\Local\Microsoft\WindowsApps;C:\Users\aryak\AppData\Local\GitHubDesktop\bin;C:\Users\aryak\AppData\Local\Programs\Microsoft VS Code\bin;C:\Users\aryak\.dotnet\tools;C:\Users\aryak\.dotnet\tools;C:\Users\aryak\AppData\Roaming\npm;C:\Users\aryak\go\bin
USERNAME=aryak
OS=Windows_NT
PROCESSOR_IDENTIFIER=Intel64 Family 6 Model 140 Stepping 1, GenuineIntel



---------------  S Y S T E M  ---------------

OS: Windows 10.0 , 64 bit Build 19041 (10.0.19041.1741)

CPU:total 8 (initial active 8) (4 cores per cpu, 2 threads per core) family 6 model 140 stepping 1, cmov, cx8, fxsr, mmx, sse, sse2, sse3, ssse3, sse4.1, sse4.2, popcnt, avx, avx2, aes, clmul, erms, 3dnowpref, lzcnt, ht, tsc, tscinvbit, bmi1, bmi2, adx

Memory: 4k page, physical 16517112k(5294212k free), swap 37568276k(14434144k free)

vm_info: Java HotSpot(TM) 64-Bit Server VM (25.301-b09) for windows-amd64 JRE (1.8.0_301-b09), built on Jun  9 2021 06:46:21 by "java_re" with MS VC++ 15.9 (VS2017)

time: Sun Jul 10 23:08:15 2022
timezone: Pacific Daylight Time
elapsed time: 11.520995 seconds (0d 0h 0m 11s)

